Command line:
   DataRAM_isim_beh.exe
     -simmode  gui
     -simrunnum  0
     -socket  45498

Mon Apr 14 02:26:59 2014


 Elaboration Time: 0.02 sec

 Current Memory Usage: 195.777 Meg

 Total Signals          : 20
 Total Nets             : 66
 Total Signal Drivers   : 7
 Total Blocks           : 2
 Total Primitive Blocks : 2
 Total Processes        : 11
 Total Traceable Variables  : 21
 Total Scalar Nets and Variables : 4274
Total Line Count : 35

 Total Simulation Time: 0.02 sec

 Current Memory Usage: 271.278 Meg

Mon Apr 14 02:27:01 2014

