Command line:
   ALU_tb_isim_beh.exe
     -simmode  gui
     -simrunnum  0
     -socket  37390

Sun Apr 13 01:26:49 2014


 Elaboration Time: 0.01 sec

 Current Memory Usage: 195.785 Meg

 Total Signals          : 23
 Total Nets             : 100
 Total Signal Drivers   : 14
 Total Blocks           : 3
 Total Primitive Blocks : 2
 Total Processes        : 18
 Total Traceable Variables  : 26
 Total Scalar Nets and Variables : 266
Total Line Count : 77

 Total Simulation Time: 0.03 sec

 Current Memory Usage: 271.286 Meg

Sun Apr 13 01:27:18 2014

