('0x1', '1000100110111110')
('0x2', '1010110110001111')
('0x3', '1111101110101111')
('0x4', '1000100010010000')
('0x5', '1010111110001111')
('0x6', '1000101010011001')
('0x7', '1101101010000111')
('0x8', '1000100011100100')
('0x9', '1010011100010011')
('0xa', '1111110011111101')
('0xb', '1111111010100011')
('0xc', '1111110010011011')
('0xd', '1001100110100101')
('0xe', '1100111111000011')
('0xf', '1101001111110110')
('0x10', '1111100110011010')
('0x11', '1110011110000011')
('0x12', '1100011110101101')
('0x13', '1001000110000110')
('0x14', '1010001011110110')
('0x15', '1101101010110001')
('0x16', '1011111110111000')
('0x17', '1111111110011001')
('0x18', '1110101110000001')
('0x19', '1001001010010000')
('0x1a', '1011111010101000')
('0x1b', '1000110011111111')
('0x1c', '1100101111101110')
('0x1d', '1010001011110100')
('0x1e', '1110110011001111')
('0x1f', '1101101110000000')
('0x20', '1000100010100001')
('0x21', '1001101110011101')
('0x22', '1111010011111101')
('0x23', '1100011111110110')
('0x24', '1001110111001011')
('0x25', '1110001011001101')
('0x26', '1100001111000111')
('0x27', '1101101011011000')
('0x28', '1100101010000101')
('0x29', '1001000111010010')
('0x2a', '1100001111010000')
('0x2b', '1001101111101111')
('0x2c', '1000100110000010')
('0x2d', '1101101010000001')
('0x2e', '0111111111010110')
('0x2f', '1101110010001101')
('0x30', '1110000111110001')
('0x31', '1010101111000101')
('0x32', '1100110110110101')
('0x33', '1101011011101101')
('0x34', '1111110011100100')
('0x35', '1111100111101011')
('0x36', '1111111111111110')
('0x37', '1011110111010010')
('0x38', '1010111110110010')
('0x39', '1111100110000010')
('0x3a', '1011011110001110')
('0x3b', '1111100010000011')
('0x3c', '1110010010011101')
('0x3d', '1100001011000101')
('0x3e', '1101000110100111')
('0x3f', '1110110011001000')
('0x40', '1011001010010111')
('0x41', '1111101111110011')
('0x42', '1110010111000001')
('0x43', '1110000010111110')
('0x44', '1111100010010001')
('0x45', '1110100011101110')
('0x46', '1100010110100111')
('0x47', '1100000111001110')
('0x48', '1001101111100110')
('0x49', '1111110110011010')
('0x4a', '1010111111010010')
('0x4b', '1100000010001010')
('0x4c', '1101110011001111')
('0x4d', '1111010010000101')
('0x4e', '1100001010110110')
('0x4f', '1110110010110110')
('0x50', '1010101110100000')
('0x51', '1101111111110000')
('0x52', '1010111011011110')
('0x53', '1011100111100010')
('0x54', '1110010011101011')
('0x55', '1000111110001101')
('0x56', '1101111111111101')
('0x57', '1111101111001110')
('0x58', '1000111111110011')
('0x59', '1100011110111000')
('0x5a', '1111010010000001')
('0x5b', '1000001010101111')
('0x5c', '1000011111101110')
('0x5d', '1100011011101010')
('0x5e', '1000011011101000')
('0x5f', '1110011010101110')
('0x60', '0100111001111111')
('0x61', '1101111010000111')
('0x62', '1010111010010110')
('0x63', '1101010011101100')
('0x64', '1011011011000000')
('0x65', '1000100110010001')
('0x66', '1110100110001100')
('0x67', '1111001111011011')
('0x68', '1000001110001100')
('0x69', '1011001011110000')
('0x6a', '1100101011111110')
('0x6b', '1000100011101111')
('0x6c', '1010000010000000')
('0x6d', '1111111011101000')
('0x6e', '1101000010001111')
('0x6f', '1000110010111010')
('0x70', '1000010010000110')
('0x71', '1101101111010001')
('0x72', '1101011111000001')
('0x73', '1001110111001011')
('0x74', '1010010011001010')
('0x75', '1101011011010011')
('0x76', '1000000111011011')
('0x77', '1101001011001000')
('0x78', '1001110010000001')
('0x79', '1110111010010010')
('0x7a', '1101110011011100')
('0x7b', '1110100111101101')
('0x7c', '1100111010010001')
('0x7d', '1011001010010000')
('0x7e', '1000110010011001')
('0x7f', '1000100110111111')
('0x80', '1010000110010010')
('0x81', '1110110110100011')
('0x82', '1010111010010101')
('0x83', '1010100011000101')
('0x84', '1101001010001010')
('0x85', '1010010110001100')
('0x86', '1111110111011111')
('0x87', '1010111111101011')
('0x88', '1010000011111011')
('0x89', '1011100011110101')
('0x8a', '1010011100010011')
('0x8b', '1100011011011111')
('0x8c', '1001011011000100')
('0x8d', '1101010010010100')
('0x8e', '1011001110110100')
('0x8f', '1100101110001110')
('0x90', '1010111111101111')
('0x91', '1111010111010101')
('0x92', '1000001110011000')
('0x93', '1011000010000111')
('0x94', '1100000110110100')
('0x95', '1000101110100011')
('0x96', '1110001110100101')
('0x97', '1010001110010000')
('0x98', '1111111010111100')
('0x99', '1110101110100011')
('0x9a', '1000101011010110')
('0x9b', '1110010010110011')
('0x9c', '1111111110111010')
('0x9d', '0111111110010011')
('0x9e', '1011000111000010')
('0x9f', '1000010110011111')
('0xa0', '1001101010000111')
('0xa1', '1000000111001001')
('0xa2', '1100001110001000')
('0xa3', '1111101010101011')
('0xa4', '1100100010001101')
('0xa5', '1111000010100101')
('0xa6', '1101010110010011')
('0xa7', '1001000010010011')
('0xa8', '1101111111000111')
('0xa9', '1110110011011000')
('0xaa', '1010010011100010')
('0xab', '1010010010011110')
('0xac', '1001011011110100')
('0xad', '1010011011011011')
('0xae', '1000111010001101')
('0xaf', '1000111010100000')
('0xb0', '1001100111110100')
('0xb1', '1101001010000011')
('0xb2', '1001010011101110')
('0xb3', '1110101010110000')
('0xb4', '1111101110110001')
('0xb5', '1000111011100000')
('0xb6', '1000011011110011')
('0xb7', '1000000010000011')
('0xb8', '1011000110011011')
('0xb9', '1111011011110001')
('0xba', '1001010111001010')
('0xbb', '1101010011001101')
('0xbc', '1101111111110010')
('0xbd', '1101000111000111')
('0xbe', '1110111110010011')
('0xbf', '1010001011010000')
('0xc0', '1000111011111101')

('0x1', '1000100110111110')
('0x2', 29)
('0x3', 35)
('0x4', '1000100010010000')
('0x5', '1010111110001111')
('0x6', '1000101010011001')
('0x7', '1101101010000111')
('0x8', '1000100011100100')
('0x9', '1010011100010011')
('0xa', 42)
('0xb', '1111111010100011')
('0xc', '1111110010011011')
('0xd', '1001100110100101')
('0xe', '1100111111000011')
('0xf', '1101001111110110')
('0x10', '1111100110011010')
('0x11', '1110011110000011')
('0x12', '1100011110101101')
('0x13', '1001000110000110')
('0x14', '1010001011110110')
('0x15', '1101101010110001')
('0x16', '1011111110111000')
('0x17', '1111111110011001')
('0x18', '1110101110000001')
('0x19', '1001001010010000')
('0x1a', '1011111010101000')
('0x1b', '1000110011111111')
('0x1c', '1100101111101110')
('0x1d', '1010001011110100')
('0x1e', '1110110011001111')
('0x1f', '1101101110000000')
('0x20', '1000100010100001')
('0x21', '1001101110011101')
('0x22', '1111010011111101')
('0x23', '1100011111110110')
('0x24', '1001110111001011')
('0x25', '1110001011001101')
('0x26', '1100001111000111')
('0x27', '1101101011011000')
('0x28', '1100101010000101')
('0x29', '1001000111010010')
('0x2a', '1100001111010000')
('0x2b', '1001101111101111')
('0x2c', '1000100110000010')
('0x2d', '1101101010000001')
('0x2e', '0111111111010110')
('0x2f', '1101110010001101')
('0x30', '1110000111110001')
('0x31', '1010101111000101')
('0x32', '1100110110110101')
('0x33', '1101011011101101')
('0x34', '1111110011100100')
('0x35', '1111100111101011')
('0x36', '1111111111111110')
('0x37', '1011110111010010')
('0x38', '1010111110110010')
('0x39', '1111100110000010')
('0x3a', '1011011110001110')
('0x3b', '1111100010000011')
('0x3c', '1110010010011101')
('0x3d', '1100001011000101')
('0x3e', '1101000110100111')
('0x3f', '1110110011001000')
('0x40', '1011001010010111')
('0x41', '1111101111110011')
('0x42', '1110010111000001')
('0x43', '1110000010111110')
('0x44', '1111100010010001')
('0x45', '1110100011101110')
('0x46', '1100010110100111')
('0x47', '1100000111001110')
('0x48', '1001101111100110')
('0x49', '1111110110011010')
('0x4a', '1010111111010010')
('0x4b', '1100000010001010')
('0x4c', '1101110011001111')
('0x4d', '1111010010000101')
('0x4e', '1100001010110110')
('0x4f', '1110110010110110')
('0x50', '1010101110100000')
('0x51', '1101111111110000')
('0x52', '1010111011011110')
('0x53', '1011100111100010')
('0x54', '1110010011101011')
('0x55', '1000111110001101')
('0x56', '1101111111111101')
('0x57', '1111101111001110')
('0x58', '1000111111110011')
('0x59', '1100011110111000')
('0x5a', '1111010010000001')
('0x5b', '1000001010101111')
('0x5c', '1000011111101110')
('0x5d', '1100011011101010')
('0x5e', '1000011011101000')
('0x5f', '1110011010101110')
('0x60', '0100111001111111')
('0x61', '1101111010000111')
('0x62', '1010111010010110')
('0x63', '1101010011101100')
('0x64', '1011011011000000')
('0x65', '1000100110010001')
('0x66', '1110100110001100')
('0x67', '1111001111011011')
('0x68', '1000001110001100')
('0x69', '1011001011110000')
('0x6a', '1100101011111110')
('0x6b', '1000100011101111')
('0x6c', '1010000010000000')
('0x6d', '1111111011101000')
('0x6e', '1101000010001111')
('0x6f', '1000110010111010')
('0x70', '1000010010000110')
('0x71', '1101101111010001')
('0x72', '1101011111000001')
('0x73', '1001110111001011')
('0x74', '1010010011001010')
('0x75', '1101011011010011')
('0x76', '1000000111011011')
('0x77', '1101001011001000')
('0x78', '1001110010000001')
('0x79', '1110111010010010')
('0x7a', '1101110011011100')
('0x7b', '1110100111101101')
('0x7c', '1100111010010001')
('0x7d', '1011001010010000')
('0x7e', '1000110010011001')
('0x7f', '1000100110111111')
('0x80', '1010000110010010')
('0x81', '1110110110100011')
('0x82', '1010111010010101')
('0x83', '1010100011000101')
('0x84', '1101001010001010')
('0x85', '1010010110001100')
('0x86', '1111110111011111')
('0x87', '1010111111101011')
('0x88', '1010000011111011')
('0x89', '1011100011110101')
('0x8a', '1010011100010011')
('0x8b', '1100011011011111')
('0x8c', '1001011011000100')
('0x8d', '1101010010010100')
('0x8e', '1011001110110100')
('0x8f', '1100101110001110')
('0x90', '1010111111101111')
('0x91', '1111010111010101')
('0x92', '1000001110011000')
('0x93', '1011000010000111')
('0x94', '1100000110110100')
('0x95', '1000101110100011')
('0x96', '1110001110100101')
('0x97', '1010001110010000')
('0x98', '1111111010111100')
('0x99', '1110101110100011')
('0x9a', '1000101011010110')
('0x9b', '1110010010110011')
('0x9c', '1111111110111010')
('0x9d', '0111111110010011')
('0x9e', '1011000111000010')
('0x9f', '1000010110011111')
('0xa0', '1001101010000111')
('0xa1', '1000000111001001')
('0xa2', '1100001110001000')
('0xa3', '1111101010101011')
('0xa4', '1100100010001101')
('0xa5', '1111000010100101')
('0xa6', '1101010110010011')
('0xa7', '1001000010010011')
('0xa8', '1101111111000111')
('0xa9', '1110110011011000')
('0xaa', '1010010011100010')
('0xab', '1010010010011110')
('0xac', '1001011011110100')
('0xad', '1010011011011011')
('0xae', '1000111010001101')
('0xaf', '1000111010100000')
('0xb0', '1001100111110100')
('0xb1', '1101001010000011')
('0xb2', '1001010011101110')
('0xb3', '1110101010110000')
('0xb4', '1111101110110001')
('0xb5', '1000111011100000')
('0xb6', '1000011011110011')
('0xb7', '1000000010000011')
('0xb8', '1011000110011011')
('0xb9', '1111011011110001')
('0xba', '1001010111001010')
('0xbb', '1101010011001101')
('0xbc', '1101111111110010')
('0xbd', '1101000111000111')
('0xbe', '1110111110010011')
('0xbf', '1010001011010000')
('0xc0', '1000111011111101')

('0x1', '1101111010010111')
('0x2', '1101001010000000')
('0x3', '1010000111110110')
('0x4', '1000110110100001')
('0x5', '1100001011100011')
('0x6', '1010000111110101')
('0x7', '1110100010001001')
('0x8', '1111110011011111')
('0x9', '1010011100010011')
('0xa', '1011110010100011')
('0xb', '1000000010001000')
('0xc', '1101011111010111')
('0xd', '1001011011111101')
('0xe', '1011010110101011')
('0xf', '1011100010010001')
('0x10', '1100010110000000')
('0x11', '1111110011010001')
('0x12', '1100000111001101')
('0x13', '1010011010001110')
('0x14', '1000011011110110')
('0x15', '1000110111110000')
('0x16', '1001001011001111')
('0x17', '1110001111101001')
('0x18', '1001100011100100')
('0x19', '1101101011010101')
('0x1a', '1100101010011011')
('0x1b', '1100000010011011')
('0x1c', '1101000111001100')
('0x1d', '1110000010010101')
('0x1e', '1011111110010110')
('0x1f', '1011110010011000')
('0x20', '1111101011000101')
('0x21', '1110010111011010')
('0x22', '1011011110101011')
('0x23', '1011101010111110')
('0x24', '1001111011001111')
('0x25', '1000010111000110')
('0x26', '1101001111010101')
('0x27', '1011001110111111')
('0x28', '1100101011110001')
('0x29', '1001001110011011')
('0x2a', '1001011011000101')
('0x2b', '1001111110110110')
('0x2c', '1011010111110100')
('0x2d', '1000100010110110')
('0x2e', '1011110010011000')
('0x2f', '1100000111100001')
('0x30', '1000001010011110')
('0x31', '1100101010011001')
('0x32', '1000001011010000')
('0x33', '1001110110011000')
('0x34', '1001011111111000')
('0x35', '1110000010000101')
('0x36', '1111100011011111')
('0x37', '1010110010001001')
('0x38', '1110010011110000')
('0x39', '1100110010110111')
('0x3a', '1010110110001101')
('0x3b', '1101010011100010')
('0x3c', '1100110111110000')
('0x3d', '1101100111110001')
('0x3e', '1110110111110111')
('0x3f', '1000111010000100')
('0x40', '1100100111110010')
('0x41', '1000011110101101')
('0x42', '1111111111100000')
('0x43', '1010101010111001')
('0x44', '1000111010101100')
('0x45', '1000100010111011')
('0x46', '1001100111110010')
('0x47', '1111101110111011')
('0x48', '1101000111100110')
('0x49', '1111010011011010')
('0x4a', '1110010111101111')
('0x4b', '1100010110001011')
('0x4c', '1111011110000111')
('0x4d', '1100000111110101')
('0x4e', '1010010110110110')
('0x4f', '1101000110010011')
('0x50', '1101100011110101')
('0x51', '1011100010001000')
('0x52', '1000100011111100')
('0x53', '1100110110000011')
('0x54', '1001000010101100')
('0x55', '1001110011011010')
('0x56', '1101110011001001')
('0x57', '1011000010000001')
('0x58', '1110001110101001')
('0x59', '1110000011000001')
('0x5a', '1111000110011000')
('0x5b', '1011111111101101')
('0x5c', '1001100010100101')
('0x5d', '1000110010010010')
('0x5e', '1010110110000101')
('0x5f', '1111000011010101')
('0x60', '1011010110001110')
('0x61', '1010110110111110')
('0x62', '1011011111000101')
('0x63', '1101101110001110')
('0x64', '1101100011110101')
('0x65', '1101111111101111')
('0x66', '1010000110111011')
('0x67', '1000000110000111')
('0x68', '1101110010111000')
('0x69', '1101101111011111')
('0x6a', '1011110011100101')
('0x6b', '1001111110010001')
('0x6c', '1110101111110000')
('0x6d', '1101001111100011')
('0x6e', '1011101110011001')
('0x6f', '1101001010101101')
('0x70', '1110010111000110')
('0x71', '1100111010010110')
('0x72', '1001001010110000')
('0x73', '1110010110110000')
('0x74', '1001000111111000')
('0x75', '1101101110000011')
('0x76', '1011101011001100')
('0x77', '1000001110101111')
('0x78', '1010100111010110')
('0x79', '1101011011010110')
('0x7a', '1011000010011000')
('0x7b', '1011001110000010')
('0x7c', '1100100011000010')
('0x7d', '1100101010000001')
('0x7e', '0111111111110101')
('0x7f', '1001110111101010')
('0x80', '1001000010000101')
('0x81', '1010111011010101')
('0x82', '1111110010111011')
('0x83', '1010111010000111')
('0x84', '1110111110110000')
('0x85', '1000010010100011')
('0x86', '1001011111101100')
('0x87', '1001011010011101')
('0x88', '1000011010110100')
('0x89', '1001110010001110')
('0x8a', '1010011100010011')
('0x8b', '1101110011110110')
('0x8c', '1110111111001010')
('0x8d', '1101010010000000')
('0x8e', '1110000111110100')
('0x8f', '1110001010101010')
('0x90', '1010100111011001')
('0x91', '0100101011111111')
('0x92', '1110011111010100')
('0x93', '1011100010010001')
('0x94', '1111111111010010')
('0x95', '1011001110001000')
('0x96', '1011010111101110')
('0x97', '1101110010110101')
('0x98', '1110000110111011')
('0x99', '1000011011010100')
('0x9a', '1100010111010111')
('0x9b', '1110100111100011')
('0x9c', '1111001110010001')
('0x9d', '1010101110001101')
('0x9e', '1100010110110011')
('0x9f', '1111011110101000')
('0xa0', '1011100111011110')
('0xa1', '1101011011111101')
('0xa2', '1001001011000110')
('0xa3', '1000100011000101')
('0xa4', '1001010111011111')
('0xa5', '1010100111000010')
('0xa6', '1010000111111110')
('0xa7', '1001001011011110')
('0xa8', '1001110110011101')
('0xa9', '1111101111110100')
('0xaa', '1111100010011001')
('0xab', '1000100111101100')
('0xac', '1100010011100110')
('0xad', '1011110111011001')
('0xae', '1101110010011010')
('0xaf', '1010001111000101')
('0xb0', '1101101111011000')
('0xb1', '1000011010010001')
('0xb2', '1011111011011111')
('0xb3', '1101001010101100')
('0xb4', '1011111010000101')
('0xb5', '1101000010100011')
('0xb6', '1101101010100110')
('0xb7', '1001101010100110')
('0xb8', '1010110110010110')
('0xb9', '1101010110001111')
('0xba', '1110010010000110')
('0xbb', '1110001010011011')
('0xbc', '1101110011111111')
('0xbd', '1011100010100110')
('0xbe', '1101000110011110')
('0xbf', '1010000010011101')
('0xc0', '1110101110111100')

('0x1', '1101111010010111')
('0x2', 32)
('0x3', 32)
('0x4', '1000110110100001')
('0x5', '1100001011100011')
('0x6', '1010000111110101')
('0x7', '1110100010001001')
('0x8', '1111110011011111')
('0x9', '1010011100010011')
('0xa', 42)
('0xb', '1000000010001000')
('0xc', '1101011111010111')
('0xd', '1001011011111101')
('0xe', '1011010110101011')
('0xf', '1011100010010001')
('0x10', '1100010110000000')
('0x11', '1111110011010001')
('0x12', '1100000111001101')
('0x13', '1010011010001110')
('0x14', '1000011011110110')
('0x15', '1000110111110000')
('0x16', '1001001011001111')
('0x17', '1110001111101001')
('0x18', '1001100011100100')
('0x19', '1101101011010101')
('0x1a', '1100101010011011')
('0x1b', '1100000010011011')
('0x1c', '1101000111001100')
('0x1d', '1110000010010101')
('0x1e', '1011111110010110')
('0x1f', '1011110010011000')
('0x20', '1111101011000101')
('0x21', '1110010111011010')
('0x22', '1011011110101011')
('0x23', '1011101010111110')
('0x24', '1001111011001111')
('0x25', '1000010111000110')
('0x26', '1101001111010101')
('0x27', '1011001110111111')
('0x28', '1100101011110001')
('0x29', '1001001110011011')
('0x2a', '1001011011000101')
('0x2b', '1001111110110110')
('0x2c', '1011010111110100')
('0x2d', '1000100010110110')
('0x2e', '1011110010011000')
('0x2f', '1100000111100001')
('0x30', '1000001010011110')
('0x31', '1100101010011001')
('0x32', '1000001011010000')
('0x33', '1001110110011000')
('0x34', '1001011111111000')
('0x35', '1110000010000101')
('0x36', '1111100011011111')
('0x37', '1010110010001001')
('0x38', '1110010011110000')
('0x39', '1100110010110111')
('0x3a', '1010110110001101')
('0x3b', '1101010011100010')
('0x3c', '1100110111110000')
('0x3d', '1101100111110001')
('0x3e', '1110110111110111')
('0x3f', '1000111010000100')
('0x40', '1100100111110010')
('0x41', '1000011110101101')
('0x42', '1111111111100000')
('0x43', '1010101010111001')
('0x44', '1000111010101100')
('0x45', '1000100010111011')
('0x46', '1001100111110010')
('0x47', '1111101110111011')
('0x48', '1101000111100110')
('0x49', '1111010011011010')
('0x4a', '1110010111101111')
('0x4b', '1100010110001011')
('0x4c', '1111011110000111')
('0x4d', '1100000111110101')
('0x4e', '1010010110110110')
('0x4f', '1101000110010011')
('0x50', '1101100011110101')
('0x51', '1011100010001000')
('0x52', '1000100011111100')
('0x53', '1100110110000011')
('0x54', '1001000010101100')
('0x55', '1001110011011010')
('0x56', '1101110011001001')
('0x57', '1011000010000001')
('0x58', '1110001110101001')
('0x59', '1110000011000001')
('0x5a', '1111000110011000')
('0x5b', '1011111111101101')
('0x5c', '1001100010100101')
('0x5d', '1000110010010010')
('0x5e', '1010110110000101')
('0x5f', '1111000011010101')
('0x60', '1011010110001110')
('0x61', '1010110110111110')
('0x62', '1011011111000101')
('0x63', '1101101110001110')
('0x64', '1101100011110101')
('0x65', '1101111111101111')
('0x66', '1010000110111011')
('0x67', '1000000110000111')
('0x68', '1101110010111000')
('0x69', '1101101111011111')
('0x6a', '1011110011100101')
('0x6b', '1001111110010001')
('0x6c', '1110101111110000')
('0x6d', '1101001111100011')
('0x6e', '1011101110011001')
('0x6f', '1101001010101101')
('0x70', '1110010111000110')
('0x71', '1100111010010110')
('0x72', '1001001010110000')
('0x73', '1110010110110000')
('0x74', '1001000111111000')
('0x75', '1101101110000011')
('0x76', '1011101011001100')
('0x77', '1000001110101111')
('0x78', '1010100111010110')
('0x79', '1101011011010110')
('0x7a', '1011000010011000')
('0x7b', '1011001110000010')
('0x7c', '1100100011000010')
('0x7d', '1100101010000001')
('0x7e', '0111111111110101')
('0x7f', '1001110111101010')
('0x80', '1001000010000101')
('0x81', '1010111011010101')
('0x82', '1111110010111011')
('0x83', '1010111010000111')
('0x84', '1110111110110000')
('0x85', '1000010010100011')
('0x86', '1001011111101100')
('0x87', '1001011010011101')
('0x88', '1000011010110100')
('0x89', '1001110010001110')
('0x8a', '1010011100010011')
('0x8b', '1101110011110110')
('0x8c', '1110111111001010')
('0x8d', '1101010010000000')
('0x8e', '1110000111110100')
('0x8f', '1110001010101010')
('0x90', '1010100111011001')
('0x91', '0100101011111111')
('0x92', '1110011111010100')
('0x93', '1011100010010001')
('0x94', '1111111111010010')
('0x95', '1011001110001000')
('0x96', '1011010111101110')
('0x97', '1101110010110101')
('0x98', '1110000110111011')
('0x99', '1000011011010100')
('0x9a', '1100010111010111')
('0x9b', '1110100111100011')
('0x9c', '1111001110010001')
('0x9d', '1010101110001101')
('0x9e', '1100010110110011')
('0x9f', '1111011110101000')
('0xa0', '1011100111011110')
('0xa1', '1101011011111101')
('0xa2', '1001001011000110')
('0xa3', '1000100011000101')
('0xa4', '1001010111011111')
('0xa5', '1010100111000010')
('0xa6', '1010000111111110')
('0xa7', '1001001011011110')
('0xa8', '1001110110011101')
('0xa9', '1111101111110100')
('0xaa', '1111100010011001')
('0xab', '1000100111101100')
('0xac', '1100010011100110')
('0xad', '1011110111011001')
('0xae', '1101110010011010')
('0xaf', '1010001111000101')
('0xb0', '1101101111011000')
('0xb1', '1000011010010001')
('0xb2', '1011111011011111')
('0xb3', '1101001010101100')
('0xb4', '1011111010000101')
('0xb5', '1101000010100011')
('0xb6', '1101101010100110')
('0xb7', '1001101010100110')
('0xb8', '1010110110010110')
('0xb9', '1101010110001111')
('0xba', '1110010010000110')
('0xbb', '1110001010011011')
('0xbc', '1101110011111111')
('0xbd', '1011100010100110')
('0xbe', '1101000110011110')
('0xbf', '1010000010011101')
('0xc0', '1110101110111100')

('0x1', '1101101110010001')
('0x2', '1111100011101110')
('0x3', '1100111111011000')
('0x4', '1101110110111111')
('0x5', '0101110011111111')
('0x6', '1111000111100100')
('0x7', '1110011010011111')
('0x8', '1000101110101100')
('0x9', '1010011100010011')
('0xa', '1100110111000110')
('0xb', '1011000010000111')
('0xc', '1101011110110011')
('0xd', '1011100011101110')
('0xe', '1000100010010110')
('0xf', '1010110011111001')
('0x10', '0100110001111111')
('0x11', '1100100010010100')
('0x12', '1111011110101011')
('0x13', '1100010010000111')
('0x14', '1011111111010001')
('0x15', '1000000010000010')
('0x16', '1011101110010011')
('0x17', '1011101010011010')
('0x18', '1110110111111001')
('0x19', '1100011011110000')
('0x1a', '0111111110100010')
('0x1b', '1000000111110001')
('0x1c', '1101011011110100')
('0x1d', '0111111111000101')
('0x1e', '1100000111110111')
('0x1f', '1001010010011010')
('0x20', '1000011011111001')
('0x21', '1000101011010111')
('0x22', '1001010111100101')
('0x23', '1001101111100000')
('0x24', '1001101110011000')
('0x25', '1110111010010101')
('0x26', '1001110010111110')
('0x27', '1111010110011111')
('0x28', '1100110110011011')
('0x29', '1110000010010000')
('0x2a', '1000110010011010')
('0x2b', '1011010110011111')
('0x2c', '1000010010100101')
('0x2d', '1001000010111000')
('0x2e', '1000010110000000')
('0x2f', '1100110110100110')
('0x30', '1001110011001001')
('0x31', '1000110011111111')
('0x32', '1010110110000001')
('0x33', '1101110011001010')
('0x34', '1000010011111100')
('0x35', '1110011111111001')
('0x36', '1001101011001000')
('0x37', '1100111111001011')
('0x38', '1101011010111001')
('0x39', '1111001011101110')
('0x3a', '1101100110010000')
('0x3b', '1001110011101011')
('0x3c', '1001100110000010')
('0x3d', '1100011010001101')
('0x3e', '1100011111111111')
('0x3f', '1111001010000001')
('0x40', '1100000110000111')
('0x41', '1100010011000011')
('0x42', '1110111111111010')
('0x43', '1111011011001110')
('0x44', '1000101010101011')
('0x45', '1111111111110110')
('0x46', '1011000110111011')
('0x47', '1001010110001001')
('0x48', '1001100010001100')
('0x49', '1011001010111111')
('0x4a', '1010100010011100')
('0x4b', '1000101110111101')
('0x4c', '1101110111111011')
('0x4d', '1101101010001111')
('0x4e', '1001001111001111')
('0x4f', '1010111111010110')
('0x50', '1011100011000100')
('0x51', '1111000011111110')
('0x52', '1111100111000010')
('0x53', '1011100010101110')
('0x54', '1010110010001100')
('0x55', '1101101010100010')
('0x56', '1110010011100011')
('0x57', '1101111011001000')
('0x58', '1100010110101000')
('0x59', '1010000111100111')
('0x5a', '1011101110101000')
('0x5b', '1010000011101010')
('0x5c', '1001000110010001')
('0x5d', '1000011111101101')
('0x5e', '1110111010100100')
('0x5f', '1111111010111110')
('0x60', '1111011010110100')
('0x61', '1100111010011000')
('0x62', '1010110010101100')
('0x63', '1100100111100101')
('0x64', '1011101010010100')
('0x65', '1100010110110010')
('0x66', '1110110110010110')
('0x67', '1101110010001111')
('0x68', '1110110110011110')
('0x69', '1101011010001000')
('0x6a', '1010111110000000')
('0x6b', '1000000011100110')
('0x6c', '1101011010100000')
('0x6d', '1101101111000110')
('0x6e', '1010010111001011')
('0x6f', '1011100010001101')
('0x70', '1110000010101011')
('0x71', '1101010011101001')
('0x72', '1011001011000001')
('0x73', '1001010110111011')
('0x74', '1011010110101001')
('0x75', '1011110111001101')
('0x76', '1001010011101100')
('0x77', '1111100011001100')
('0x78', '1110001011111000')
('0x79', '1001011111110110')
('0x7a', '1100010011011010')
('0x7b', '1100111010011110')
('0x7c', '1101000010010010')
('0x7d', '1001010011011100')
('0x7e', '1101110111101101')
('0x7f', '1110100010101111')
('0x80', '1111111111001000')
('0x81', '1001100111011101')
('0x82', '1001100011010101')
('0x83', '1110011111101111')
('0x84', '1010000011110100')
('0x85', '1001111010100000')
('0x86', '1010110010011100')
('0x87', '1100100110100101')
('0x88', '1001010010010001')
('0x89', '1110100011011100')
('0x8a', '1010011100010011')
('0x8b', '1110110111000010')
('0x8c', '1010010011101101')
('0x8d', '1100110011100010')
('0x8e', '1100001111000001')
('0x8f', '1001111011111011')
('0x90', '1101111111001010')
('0x91', '1011000010000001')
('0x92', '1001011111010101')
('0x93', '1011001011100010')
('0x94', '1000110111000101')
('0x95', '1000101111010111')
('0x96', '1011010011011001')
('0x97', '1001011011000110')
('0x98', '1110100011001100')
('0x99', '1111100110000011')
('0x9a', '1001010011011101')
('0x9b', '1011111110100011')
('0x9c', '0111111110111001')
('0x9d', '1111000010011111')
('0x9e', '1111011110001001')
('0x9f', '1000111110010111')
('0xa0', '1101001110101001')
('0xa1', '1011100011110101')
('0xa2', '1010101010100100')
('0xa3', '1111011010001111')
('0xa4', '1011111110011101')
('0xa5', '1111001010101111')
('0xa6', '1111011011100011')
('0xa7', '1001011111011000')
('0xa8', '1010001110110100')
('0xa9', '1100000110111111')
('0xaa', '1000001010010111')
('0xab', '0111011011111111')
('0xac', '1101100011001100')
('0xad', '1000110110100101')
('0xae', '1001111111111001')
('0xaf', '1111001011010011')
('0xb0', '1001110011001011')
('0xb1', '1101000010100111')
('0xb2', '1001101111101011')
('0xb3', '1000001110110110')
('0xb4', '1011111111011001')
('0xb5', '1111111111000010')
('0xb6', '1111100111111100')
('0xb7', '1101000010001001')
('0xb8', '1101000011010110')
('0xb9', '1111111110110000')
('0xba', '1001101110111010')
('0xbb', '1011011111011100')
('0xbc', '1000000110111111')
('0xbd', '1000000110011000')
('0xbe', '1000101011101110')
('0xbf', '1110010111100011')
('0xc0', '1000010010001100')

