Release 14.7 - xst P.20131013 (lin64)
Copyright (c) 1995-2013 Xilinx, Inc.  All rights reserved.
--> 
Parameter TMPDIR set to xst/projnav.tmp


Total REAL time to Xst completion: 0.00 secs
Total CPU time to Xst completion: 0.05 secs
 
--> 
Parameter xsthdpdir set to xst


Total REAL time to Xst completion: 0.00 secs
Total CPU time to Xst completion: 0.05 secs
 
--> 
Reading design: Lab2updown.prj

TABLE OF CONTENTS
  1) Synthesis Options Summary
  2) HDL Parsing
  3) HDL Elaboration
  4) HDL Synthesis
       4.1) HDL Synthesis Report
  5) Advanced HDL Synthesis
       5.1) Advanced HDL Synthesis Report
  6) Low Level Synthesis
  7) Partition Report
  8) Design Summary
       8.1) Primitive and Black Box Usage
       8.2) Device utilization summary
       8.3) Partition Resource Summary
       8.4) Timing Report
            8.4.1) Clock Information
            8.4.2) Asynchronous Control Signals Information
            8.4.3) Timing Summary
            8.4.4) Timing Details
            8.4.5) Cross Clock Domains Report


=========================================================================
*                      Synthesis Options Summary                        *
=========================================================================
---- Source Parameters
Input File Name                    : "Lab2updown.prj"
Ignore Synthesis Constraint File   : NO

---- Target Parameters
Output File Name                   : "Lab2updown"
Output Format                      : NGC
Target Device                      : xc6slx4-2-csg225

---- Source Options
Top Module Name                    : Lab2updown
Automatic FSM Extraction           : YES
FSM Encoding Algorithm             : Auto
Safe Implementation                : No
FSM Style                          : LUT
RAM Extraction                     : Yes
RAM Style                          : Auto
ROM Extraction                     : Yes
Shift Register Extraction          : YES
ROM Style                          : Auto
Resource Sharing                   : YES
Asynchronous To Synchronous        : NO
Shift Register Minimum Size        : 2
Use DSP Block                      : Auto
Automatic Register Balancing       : No

---- Target Options
LUT Combining                      : Auto
Reduce Control Sets                : Auto
Add IO Buffers                     : YES
Global Maximum Fanout              : 100000
Add Generic Clock Buffer(BUFG)     : 16
Register Duplication               : YES
Optimize Instantiated Primitives   : NO
Use Clock Enable                   : Auto
Use Synchronous Set                : Auto
Use Synchronous Reset              : Auto
Pack IO Registers into IOBs        : Auto
Equivalent register Removal        : YES

---- General Options
Optimization Goal                  : Speed
Optimization Effort                : 1
Power Reduction                    : NO
Keep Hierarchy                     : No
Netlist Hierarchy                  : As_Optimized
RTL Output                         : Yes
Global Optimization                : AllClockNets
Read Cores                         : YES
Write Timing Constraints           : NO
Cross Clock Analysis               : NO
Hierarchy Separator                : /
Bus Delimiter                      : <>
Case Specifier                     : Maintain
Slice Utilization Ratio            : 100
BRAM Utilization Ratio             : 100
DSP48 Utilization Ratio            : 100
Auto BRAM Packing                  : NO
Slice Utilization Ratio Delta      : 5

=========================================================================


=========================================================================
*                          HDL Parsing                                  *
=========================================================================
Parsing VHDL file "/home/jebediah/My_Stuff/Programs/assignments/ENGS31/StateMachine/lab2updown.vhd" into library work
Parsing entity <Lab2updown>.
Parsing architecture <Behavioral> of entity <lab2updown>.

=========================================================================
*                            HDL Elaboration                            *
=========================================================================

Elaborating entity <Lab2updown> (architecture <Behavioral>) from library <work>.

=========================================================================
*                           HDL Synthesis                               *
=========================================================================

Synthesizing Unit <Lab2updown>.
    Related source file is "/home/jebediah/My_Stuff/Programs/assignments/ENGS31/StateMachine/lab2updown.vhd".
    Found 2-bit register for signal <iQ>.
    Found 2-bit adder for signal <iQ[1]_GND_4_o_add_0_OUT> created at line 1241.
    Found 2-bit subtractor for signal <GND_4_o_GND_4_o_sub_2_OUT<1:0>> created at line 1308.
    Summary:
	inferred   1 Adder/Subtractor(s).
	inferred   2 D-type flip-flop(s).
Unit <Lab2updown> synthesized.

=========================================================================
HDL Synthesis Report

Macro Statistics
# Adders/Subtractors                                   : 1
 2-bit addsub                                          : 1
# Registers                                            : 1
 2-bit register                                        : 1

=========================================================================

=========================================================================
*                       Advanced HDL Synthesis                          *
=========================================================================


Synthesizing (advanced) Unit <Lab2updown>.
The following registers are absorbed into counter <iQ>: 1 register on signal <iQ>.
Unit <Lab2updown> synthesized (advanced).

=========================================================================
Advanced HDL Synthesis Report

Macro Statistics
# Counters                                             : 1
 2-bit updown counter                                  : 1

=========================================================================

=========================================================================
*                         Low Level Synthesis                           *
=========================================================================

Optimizing unit <Lab2updown> ...

Mapping all equations...
Building and optimizing final netlist ...
Found area constraint ratio of 100 (+ 5) on block Lab2updown, actual ratio is 0.

Final Macro Processing ...

=========================================================================
Final Register Report

Macro Statistics
# Registers                                            : 2
 Flip-Flops                                            : 2

=========================================================================

=========================================================================
*                           Partition Report                            *
=========================================================================

Partition Implementation Status
-------------------------------

  No Partitions were found in this design.

-------------------------------

=========================================================================
*                            Design Summary                             *
=========================================================================

Top Level Output File Name         : Lab2updown.ngc

Primitive and Black Box Usage:
------------------------------
# BELS                             : 2
#      INV                         : 1
#      LUT3                        : 1
# FlipFlops/Latches                : 2
#      FD                          : 2
# Clock Buffers                    : 1
#      BUFGP                       : 1
# IO Buffers                       : 3
#      IBUF                        : 1
#      OBUF                        : 2

Device utilization summary:
---------------------------

Selected Device : 6slx4csg225-2 


Slice Logic Utilization: 
 Number of Slice Registers:               2  out of   4800     0%  
 Number of Slice LUTs:                    2  out of   2400     0%  
    Number used as Logic:                 2  out of   2400     0%  

Slice Logic Distribution: 
 Number of LUT Flip Flop pairs used:      4
   Number with an unused Flip Flop:       2  out of      4    50%  
   Number with an unused LUT:             2  out of      4    50%  
   Number of fully used LUT-FF pairs:     0  out of      4     0%  
   Number of unique control sets:         1

IO Utilization: 
 Number of IOs:                           4
 Number of bonded IOBs:                   4  out of    132     3%  

Specific Feature Utilization:
 Number of BUFG/BUFGCTRLs:                1  out of     16     6%  

---------------------------
Partition Resource Summary:
---------------------------

  No Partitions were found in this design.

---------------------------


=========================================================================
Timing Report

NOTE: THESE TIMING NUMBERS ARE ONLY A SYNTHESIS ESTIMATE.
      FOR ACCURATE TIMING INFORMATION PLEASE REFER TO THE TRACE REPORT
      GENERATED AFTER PLACE-and-ROUTE.

Clock Information:
------------------
-----------------------------------+------------------------+-------+
Clock Signal                       | Clock buffer(FF name)  | Load  |
-----------------------------------+------------------------+-------+
Clk                                | BUFGP                  | 2     |
-----------------------------------+------------------------+-------+

Asynchronous Control Signals Information:
----------------------------------------
No asynchronous control signals found in this design

Timing Summary:
---------------
Speed Grade: -2

   Minimum period: 2.300ns (Maximum Frequency: 434.783MHz)
   Minimum input arrival time before clock: 2.547ns
   Maximum output required time after clock: 4.202ns
   Maximum combinational path delay: No path found

Timing Details:
---------------
All values displayed in nanoseconds (ns)

=========================================================================
Timing constraint: Default period analysis for Clock 'Clk'
  Clock period: 2.300ns (frequency: 434.783MHz)
  Total number of paths / destination ports: 3 / 2
-------------------------------------------------------------------------
Delay:               2.300ns (Levels of Logic = 1)
  Source:            iQ_0 (FF)
  Destination:       iQ_0 (FF)
  Source Clock:      Clk rising
  Destination Clock: Clk rising

  Data Path: iQ_0 to iQ_0
                                Gate     Net
    Cell:in->out      fanout   Delay   Delay  Logical Name (Net Name)
    ----------------------------------------  ------------
     FD:C->Q               3   0.525   0.765  iQ_0 (iQ_0)
     INV:I->O              1   0.255   0.681  Result<0>1_INV_0 (Result<0>)
     FD:D                      0.074          iQ_0
    ----------------------------------------
    Total                      2.300ns (0.854ns logic, 1.446ns route)
                                       (37.1% logic, 62.9% route)

=========================================================================
Timing constraint: Default OFFSET IN BEFORE for Clock 'Clk'
  Total number of paths / destination ports: 1 / 1
-------------------------------------------------------------------------
Offset:              2.547ns (Levels of Logic = 2)
  Source:            UP_L (PAD)
  Destination:       iQ_1 (FF)
  Destination Clock: Clk rising

  Data Path: UP_L to iQ_1
                                Gate     Net
    Cell:in->out      fanout   Delay   Delay  Logical Name (Net Name)
    ----------------------------------------  ------------
     IBUF:I->O             1   1.328   0.910  UP_L_IBUF (UP_L_IBUF)
     LUT3:I0->O            1   0.235   0.000  Result<1>1 (Result<1>)
     FD:D                      0.074          iQ_1
    ----------------------------------------
    Total                      2.547ns (1.637ns logic, 0.910ns route)
                                       (64.3% logic, 35.7% route)

=========================================================================
Timing constraint: Default OFFSET OUT AFTER for Clock 'Clk'
  Total number of paths / destination ports: 2 / 2
-------------------------------------------------------------------------
Offset:              4.202ns (Levels of Logic = 1)
  Source:            iQ_0 (FF)
  Destination:       Q<0> (PAD)
  Source Clock:      Clk rising

  Data Path: iQ_0 to Q<0>
                                Gate     Net
    Cell:in->out      fanout   Delay   Delay  Logical Name (Net Name)
    ----------------------------------------  ------------
     FD:C->Q               3   0.525   0.765  iQ_0 (iQ_0)
     OBUF:I->O                 2.912          Q_0_OBUF (Q<0>)
    ----------------------------------------
    Total                      4.202ns (3.437ns logic, 0.765ns route)
                                       (81.8% logic, 18.2% route)

=========================================================================

Cross Clock Domains Report:
--------------------------

Clock to Setup on destination clock Clk
---------------+---------+---------+---------+---------+
               | Src:Rise| Src:Fall| Src:Rise| Src:Fall|
Source Clock   |Dest:Rise|Dest:Rise|Dest:Fall|Dest:Fall|
---------------+---------+---------+---------+---------+
Clk            |    2.300|         |         |         |
---------------+---------+---------+---------+---------+

=========================================================================


Total REAL time to Xst completion: 6.00 secs
Total CPU time to Xst completion: 5.36 secs
 
--> 


Total memory usage is 388144 kilobytes

Number of errors   :    0 (   0 filtered)
Number of warnings :    0 (   0 filtered)
Number of infos    :    0 (   0 filtered)

