Command line:
   TopLevel_tb_isim_beh.exe
     -simmode  gui
     -simrunnum  0
     -socket  44809

Thu Apr 17 01:54:48 2014


 Elaboration Time: 0.02 sec

 Current Memory Usage: 196.084 Meg

 Total Signals          : 99
 Total Nets             : 334
 Total Signal Drivers   : 40
 Total Blocks           : 9
 Total Primitive Blocks : 7
 Total Processes        : 55
 Total Traceable Variables  : 43
 Total Scalar Nets and Variables : 4753
Total Line Count : 292

 Total Simulation Time: 0.04 sec

 Current Memory Usage: 271.585 Meg

Thu Apr 17 02:05:41 2014

