Running: /usr/local/Xilinx/14.5/ISE_DS/ISE/bin/lin64/unwrapped/fuse -intstyle ise -incremental -lib unisims_ver -lib unimacro_ver -lib xilinxcorelib_ver -o /students/home/dhalden/Programs/assignments/cs318/lab_2/ISA_Processor/TopLevel_tb_isim_beh.exe -prj /students/home/dhalden/Programs/assignments/cs318/lab_2/ISA_Processor/TopLevel_tb_beh.prj work.TopLevel_tb work.glbl 
ISim P.58f (signature 0xfbc00daa)
Number of CPUs detected in this system: 4
Turning on mult-threading, number of parallel sub-compilation jobs: 8 
Determining compilation order of HDL files
Analyzing Verilog file "/students/home/dhalden/Programs/assignments/cs318/lab_2/ISA_Processor/../reg_file.v" into library work
Analyzing Verilog file "/students/home/dhalden/Programs/assignments/cs318/lab_2/ISA_Processor/../InstROM.v" into library work
Analyzing Verilog file "/students/home/dhalden/Programs/assignments/cs318/lab_2/ISA_Processor/../IF.v" into library work
Analyzing Verilog file "/students/home/dhalden/Programs/assignments/cs318/lab_2/ISA_Processor/../DataRAM.v" into library work
Analyzing Verilog file "/students/home/dhalden/Programs/assignments/cs318/lab_2/ISA_Processor/../Control.v" into library work
Analyzing Verilog file "/students/home/dhalden/Programs/assignments/cs318/lab_2/ISA_Processor/../ALU.v" into library work
Analyzing Verilog file "/students/home/dhalden/Programs/assignments/cs318/lab_2/ISA_Processor/../TopLevel.v" into library work
Analyzing Verilog file "/students/home/dhalden/Programs/assignments/cs318/lab_2/ISA_Processor/../TopLevel_tb.v" into library work
Analyzing Verilog file "/usr/local/Xilinx/14.5/ISE_DS/ISE//verilog/src/glbl.v" into library work
Starting static elaboration
WARNING:HDLCompiler:1016 - "/students/home/dhalden/Programs/assignments/cs318/lab_2/ISA_Processor/../TopLevel.v" Line 116: Port WR_REG is not connected to this instance
WARNING:HDLCompiler:189 - "/students/home/dhalden/Programs/assignments/cs318/lab_2/ISA_Processor/../TopLevel.v" Line 143: Size mismatch in connection of port <CLK>. Formal port size is 1-bit while actual signal size is 16-bit.
Completed static elaboration
Fuse Memory Usage: 94032 KB
Fuse CPU Usage: 910 ms
Compiling module IF
Compiling module InstROM
Compiling module Control
Compiling module reg_file
Compiling module DataRAM
Compiling module ALU
Compiling module TopLevel
Compiling module TopLevel_tb
Compiling module glbl
Time Resolution for simulation is 1ps.
Waiting for 1 sub-compilation(s) to finish...
Compiled 9 Verilog Units
Built simulation executable /students/home/dhalden/Programs/assignments/cs318/lab_2/ISA_Processor/TopLevel_tb_isim_beh.exe
Fuse Memory Usage: 652372 KB
Fuse CPU Usage: 950 ms
GCC CPU Usage: 610 ms
