ISim log file
Running: /students/home/dhalden/Programs/assignments/cs318/lab_2/ISA_Processor/TopLevel_tb_isim_beh.exe -intstyle ise -gui -tclbatch isim.cmd -wdb /students/home/dhalden/Programs/assignments/cs318/lab_2/ISA_Processor/TopLevel_tb_isim_beh.wdb 
ISim P.58f (signature 0xfbc00daa)
----------------------------------------------------------------------
INFO:Security:61 - The XILINXD_LICENSE_FILE environment variable is not set.
INFO:Security:63 - The LM_LICENSE_FILE environment variable is not set.
INFO:Security:68 - For more information or for assistance in obtaining 
 a license, please run the Xilinx License Configuration Manager
       (xlcm or "Manage Xilinx Licenses".)
INFO:Security:68a - user is dhalden, on host csr01.cs.skidmore.edu.
ERROR:Security:14 - No feature was available for 'ISIM'.

No such feature exists.
Feature:       ISIM
License path:  /students/home/dhalden/.Xilinx/Xilinx.lic:/usr/local/Xilinx/14.5/ISE_DS/ISE//data/*.lic:/usr/local/Xilinx/14.5/ISE_DS/ISE//coregen/core_licenses/Xilinx.lic:/usr/local/Xilinx/14.5/ISE_DS/ISE//coregen/core_licenses/XilinxFree.lic:/usr/local/Xilinx/14.5/ISE_DS/EDK/data/core_licenses/Xilinx.lic:
FLEXnet Licensing error:-5,357
For further information, refer to the FLEXnet Licensing documentation,
available at "www.flexerasoftware.com".
----------------------------------------------------------------------
WARNING: A full ISim License cannot be checked out due to the issues listed above. Please use Xilinx License Configuration Manager to fix these issues in order to check out a full ISim license.
WARNING: ISim will run in Lite mode. Please refer to the ISim documentation for more information on the differences between the Lite and the Full version.
This is a Lite version of ISim.
WARNING: File "/students/home/dhalden/Programs/assignments/cs318/lab_2/TopLevel.v" Line 32.  For instance uut/register_module/, width 1 of formal port CLK is not equal to width 16 of actual variable InstCounter. 
Time resolution is 1 ps
# onerror resume
# wave add /
# run 1000 ns
Simulator is doing circuit initialization process.
Finished circuit initialization process.
Instruction: 0000000111
RegWrite 1
Register write 7 =     0
[xxxxxxxxxxxxxxxx,xxxxxxxxxxxxxxxx,xxxxxxxxxxxxxxxx,xxxxxxxxxxxxxxxx,xxxxxxxxxxxxxxxx,xxxxxxxxxxxxxxxx,xxxxxxxxxxxxxxxx,xxxxxxxxxxxxxxxx]
Instruction: 0111001000
RegWrite 1
Register write 6 =    32
Instruction: 1000111111
Memory read M[   32] = 62285
RegWrite 1
Register write 7 =     0
[xxxxxxxxxxxxxxxx,xxxxxxxxxxxxxxxx,xxxxxxxxxxxxxxxx,xxxxxxxxxxxxxxxx,xxxxxxxxxxxxxxxx,xxxxxxxxxxxxxxxx,0000000000100000,0000000000000000]
Instruction: 0101011000
RegWrite 1
Register write 6 =    33
Instruction: 1000111111
Memory read M[   33] =  4405
RegWrite 1
Register write 7 =     0
[xxxxxxxxxxxxxxxx,xxxxxxxxxxxxxxxx,xxxxxxxxxxxxxxxx,xxxxxxxxxxxxxxxx,xxxxxxxxxxxxxxxx,xxxxxxxxxxxxxxxx,0000000000100001,0000000000000000]
Instruction: 0101011000
RegWrite 1
Register write 6 =    34
Instruction: 1000111111
Memory read M[   34] = 62282
RegWrite 1
Register write 7 =     1
[xxxxxxxxxxxxxxxx,xxxxxxxxxxxxxxxx,xxxxxxxxxxxxxxxx,xxxxxxxxxxxxxxxx,xxxxxxxxxxxxxxxx,xxxxxxxxxxxxxxxx,0000000000100010,0000000000000000]
Instruction: 0101011000
RegWrite 1
Register write 6 =    35
Instruction: 1000111111
Memory read M[   35] =  4405
RegWrite 1
Register write 7 =     1
[xxxxxxxxxxxxxxxx,xxxxxxxxxxxxxxxx,xxxxxxxxxxxxxxxx,xxxxxxxxxxxxxxxx,xxxxxxxxxxxxxxxx,xxxxxxxxxxxxxxxx,0000000000100011,0000000000000001]
Instruction: 0101011000
RegWrite 1
Register write 6 =    36
Instruction: 1000111111
Memory read M[   36] = 62282
RegWrite 1
Register write 7 =     2
[xxxxxxxxxxxxxxxx,xxxxxxxxxxxxxxxx,xxxxxxxxxxxxxxxx,xxxxxxxxxxxxxxxx,xxxxxxxxxxxxxxxx,xxxxxxxxxxxxxxxx,0000000000100100,0000000000000001]
Instruction: 0101011000
RegWrite 1
Register write 6 =    37
Instruction: 1000111111
Memory read M[   37] =  4405
RegWrite 1
Register write 7 =     2
[xxxxxxxxxxxxxxxx,xxxxxxxxxxxxxxxx,xxxxxxxxxxxxxxxx,xxxxxxxxxxxxxxxx,xxxxxxxxxxxxxxxx,xxxxxxxxxxxxxxxx,0000000000100101,0000000000000010]
Instruction: 0101011000
RegWrite 1
Register write 6 =    38
Instruction: 1000111111
Memory read M[   38] = 62282
RegWrite 1
Register write 7 =     3
[xxxxxxxxxxxxxxxx,xxxxxxxxxxxxxxxx,xxxxxxxxxxxxxxxx,xxxxxxxxxxxxxxxx,xxxxxxxxxxxxxxxx,xxxxxxxxxxxxxxxx,0000000000100110,0000000000000010]
Instruction: 0101011000
RegWrite 1
Register write 6 =    39
Instruction: 1000111111
Memory read M[   39] =  4405
RegWrite 1
Register write 7 =     3
[xxxxxxxxxxxxxxxx,xxxxxxxxxxxxxxxx,xxxxxxxxxxxxxxxx,xxxxxxxxxxxxxxxx,xxxxxxxxxxxxxxxx,xxxxxxxxxxxxxxxx,0000000000100111,0000000000000011]
Instruction: 0101011000
RegWrite 1
Register write 6 =    40
Instruction: 1000111111
Memory read M[   40] = 62282
RegWrite 1
Register write 7 =     4
[xxxxxxxxxxxxxxxx,xxxxxxxxxxxxxxxx,xxxxxxxxxxxxxxxx,xxxxxxxxxxxxxxxx,xxxxxxxxxxxxxxxx,xxxxxxxxxxxxxxxx,0000000000101000,0000000000000011]
Instruction: 0101011000
RegWrite 1
Register write 6 =    41
Instruction: 1000111111
Memory read M[   41] =  4405
RegWrite 1
Register write 7 =     4
[xxxxxxxxxxxxxxxx,xxxxxxxxxxxxxxxx,xxxxxxxxxxxxxxxx,xxxxxxxxxxxxxxxx,xxxxxxxxxxxxxxxx,xxxxxxxxxxxxxxxx,0000000000101001,0000000000000100]
Instruction: 0101011000
RegWrite 1
Register write 6 =    42
Instruction: 1000111111
Memory read M[   42] = 62282
RegWrite 1
Register write 7 =     5
[xxxxxxxxxxxxxxxx,xxxxxxxxxxxxxxxx,xxxxxxxxxxxxxxxx,xxxxxxxxxxxxxxxx,xxxxxxxxxxxxxxxx,xxxxxxxxxxxxxxxx,0000000000101010,0000000000000100]
Instruction: 0101011000
RegWrite 1
Register write 6 =    43
Instruction: 1000111111
Memory read M[   43] =  4405
RegWrite 1
Register write 7 =     5
[xxxxxxxxxxxxxxxx,xxxxxxxxxxxxxxxx,xxxxxxxxxxxxxxxx,xxxxxxxxxxxxxxxx,xxxxxxxxxxxxxxxx,xxxxxxxxxxxxxxxx,0000000000101011,0000000000000101]
Instruction: 0101011000
RegWrite 1
Register write 6 =    44
Instruction: 1000111111
Memory read M[   44] = 62282
RegWrite 1
Register write 7 =     6
[xxxxxxxxxxxxxxxx,xxxxxxxxxxxxxxxx,xxxxxxxxxxxxxxxx,xxxxxxxxxxxxxxxx,xxxxxxxxxxxxxxxx,xxxxxxxxxxxxxxxx,0000000000101100,0000000000000101]
Instruction: 0101011000
RegWrite 1
Register write 6 =    45
Instruction: 1000111111
Memory read M[   45] =  4405
RegWrite 1
Register write 7 =     6
[xxxxxxxxxxxxxxxx,xxxxxxxxxxxxxxxx,xxxxxxxxxxxxxxxx,xxxxxxxxxxxxxxxx,xxxxxxxxxxxxxxxx,xxxxxxxxxxxxxxxx,0000000000101101,0000000000000110]
Instruction: 0101011000
RegWrite 1
Register write 6 =    46
Instruction: 1000111111
Memory read M[   46] = 62282
RegWrite 1
Register write 7 =     7
[xxxxxxxxxxxxxxxx,xxxxxxxxxxxxxxxx,xxxxxxxxxxxxxxxx,xxxxxxxxxxxxxxxx,xxxxxxxxxxxxxxxx,xxxxxxxxxxxxxxxx,0000000000101110,0000000000000110]
Instruction: 0101011000
RegWrite 1
Register write 6 =    47
Instruction: 1000111111
Memory read M[   47] =  4405
RegWrite 1
Register write 7 =     7
[xxxxxxxxxxxxxxxx,xxxxxxxxxxxxxxxx,xxxxxxxxxxxxxxxx,xxxxxxxxxxxxxxxx,xxxxxxxxxxxxxxxx,xxxxxxxxxxxxxxxx,0000000000101111,0000000000000111]
Instruction: 0101011000
RegWrite 1
Register write 6 =    48
Instruction: 1000111111
Memory read M[   48] = 62282
RegWrite 1
Register write 7 =     8
[xxxxxxxxxxxxxxxx,xxxxxxxxxxxxxxxx,xxxxxxxxxxxxxxxx,xxxxxxxxxxxxxxxx,xxxxxxxxxxxxxxxx,xxxxxxxxxxxxxxxx,0000000000110000,0000000000000111]
Instruction: 0101011000
RegWrite 1
Register write 6 =    49
Instruction: 1000111111
Memory read M[   49] =  4405
RegWrite 1
Register write 7 =     8
[xxxxxxxxxxxxxxxx,xxxxxxxxxxxxxxxx,xxxxxxxxxxxxxxxx,xxxxxxxxxxxxxxxx,xxxxxxxxxxxxxxxx,xxxxxxxxxxxxxxxx,0000000000110001,0000000000001000]
Instruction: 0101011000
RegWrite 1
Register write 6 =    50
Instruction: 1000111111
Memory read M[   50] = 62282
RegWrite 1
Register write 7 =     9
[xxxxxxxxxxxxxxxx,xxxxxxxxxxxxxxxx,xxxxxxxxxxxxxxxx,xxxxxxxxxxxxxxxx,xxxxxxxxxxxxxxxx,xxxxxxxxxxxxxxxx,0000000000110010,0000000000001000]
Instruction: 0101011000
RegWrite 1
Register write 6 =    51
Instruction: 1000111111
Memory read M[   51] =  4405
RegWrite 1
Register write 7 =     9
[xxxxxxxxxxxxxxxx,xxxxxxxxxxxxxxxx,xxxxxxxxxxxxxxxx,xxxxxxxxxxxxxxxx,xxxxxxxxxxxxxxxx,xxxxxxxxxxxxxxxx,0000000000110011,0000000000001001]
Instruction: 0101011000
RegWrite 1
Register write 6 =    52
Instruction: 1000111111
Memory read M[   52] = 62282
RegWrite 1
Register write 7 =    10
[xxxxxxxxxxxxxxxx,xxxxxxxxxxxxxxxx,xxxxxxxxxxxxxxxx,xxxxxxxxxxxxxxxx,xxxxxxxxxxxxxxxx,xxxxxxxxxxxxxxxx,0000000000110100,0000000000001001]
Instruction: 0101011000
RegWrite 1
Register write 6 =    53
Instruction: 1000111111
Memory read M[   53] =  4405
RegWrite 1
Register write 7 =    10
[xxxxxxxxxxxxxxxx,xxxxxxxxxxxxxxxx,xxxxxxxxxxxxxxxx,xxxxxxxxxxxxxxxx,xxxxxxxxxxxxxxxx,xxxxxxxxxxxxxxxx,0000000000110101,0000000000001010]
Instruction: 0101011000
RegWrite 1
Register write 6 =    54
Instruction: 1000111111
Memory read M[   54] = 62282
RegWrite 1
Register write 7 =    11
[xxxxxxxxxxxxxxxx,xxxxxxxxxxxxxxxx,xxxxxxxxxxxxxxxx,xxxxxxxxxxxxxxxx,xxxxxxxxxxxxxxxx,xxxxxxxxxxxxxxxx,0000000000110110,0000000000001010]
Instruction: 0101011000
RegWrite 1
Register write 6 =    55
Instruction: 1000111111
Memory read M[   55] =  4405
RegWrite 1
Register write 7 =    11
[xxxxxxxxxxxxxxxx,xxxxxxxxxxxxxxxx,xxxxxxxxxxxxxxxx,xxxxxxxxxxxxxxxx,xxxxxxxxxxxxxxxx,xxxxxxxxxxxxxxxx,0000000000110111,0000000000001011]
Instruction: 0101011000
RegWrite 1
Register write 6 =    56
Instruction: 1000111111
Memory read M[   56] = 62282
RegWrite 1
Register write 7 =    12
[xxxxxxxxxxxxxxxx,xxxxxxxxxxxxxxxx,xxxxxxxxxxxxxxxx,xxxxxxxxxxxxxxxx,xxxxxxxxxxxxxxxx,xxxxxxxxxxxxxxxx,0000000000111000,0000000000001011]
Instruction: 0101011000
RegWrite 1
Register write 6 =    57
Instruction: 1000111111
Memory read M[   57] =  4405
RegWrite 1
Register write 7 =    12
[xxxxxxxxxxxxxxxx,xxxxxxxxxxxxxxxx,xxxxxxxxxxxxxxxx,xxxxxxxxxxxxxxxx,xxxxxxxxxxxxxxxx,xxxxxxxxxxxxxxxx,0000000000111001,0000000000001100]
Instruction: 0101011000
RegWrite 1
Register write 6 =    58
Instruction: 1000111111
Memory read M[   58] = 62282
RegWrite 1
Register write 7 =    13
[xxxxxxxxxxxxxxxx,xxxxxxxxxxxxxxxx,xxxxxxxxxxxxxxxx,xxxxxxxxxxxxxxxx,xxxxxxxxxxxxxxxx,xxxxxxxxxxxxxxxx,0000000000111010,0000000000001100]
Instruction: 0101011000
RegWrite 1
Register write 6 =    59
Instruction: 1000111111
Memory read M[   59] =  4405
RegWrite 1
Register write 7 =    13
[xxxxxxxxxxxxxxxx,xxxxxxxxxxxxxxxx,xxxxxxxxxxxxxxxx,xxxxxxxxxxxxxxxx,xxxxxxxxxxxxxxxx,xxxxxxxxxxxxxxxx,0000000000111011,0000000000001101]
Instruction: 0101011000
RegWrite 1
Register write 6 =    60
Instruction: 1000111111
Memory read M[   60] = 62282
RegWrite 1
Register write 7 =    14
[xxxxxxxxxxxxxxxx,xxxxxxxxxxxxxxxx,xxxxxxxxxxxxxxxx,xxxxxxxxxxxxxxxx,xxxxxxxxxxxxxxxx,xxxxxxxxxxxxxxxx,0000000000111100,0000000000001101]
Instruction: 0101011000
RegWrite 1
Register write 6 =    61
Instruction: 1000111111
Memory read M[   61] =  4405
RegWrite 1
Register write 7 =    14
[xxxxxxxxxxxxxxxx,xxxxxxxxxxxxxxxx,xxxxxxxxxxxxxxxx,xxxxxxxxxxxxxxxx,xxxxxxxxxxxxxxxx,xxxxxxxxxxxxxxxx,0000000000111101,0000000000001110]
Instruction: 0101011000
RegWrite 1
Register write 6 =    62
Instruction: 1000111111
Memory read M[   62] = 62282
RegWrite 1
Register write 7 =    15
[xxxxxxxxxxxxxxxx,xxxxxxxxxxxxxxxx,xxxxxxxxxxxxxxxx,xxxxxxxxxxxxxxxx,xxxxxxxxxxxxxxxx,xxxxxxxxxxxxxxxx,0000000000111110,0000000000001110]
Instruction: 0101011000
RegWrite 1
Register write 6 =    63
Instruction: 1000111111
Memory read M[   63] =  4405
RegWrite 1
Register write 7 =    15
[xxxxxxxxxxxxxxxx,xxxxxxxxxxxxxxxx,xxxxxxxxxxxxxxxx,xxxxxxxxxxxxxxxx,xxxxxxxxxxxxxxxx,xxxxxxxxxxxxxxxx,0000000000111111,0000000000001111]
Instruction: 0101011000
RegWrite 1
Register write 6 =    64
Instruction: 1000111111
Memory read M[   64] = 62282
RegWrite 1
Register write 7 =    16
[xxxxxxxxxxxxxxxx,xxxxxxxxxxxxxxxx,xxxxxxxxxxxxxxxx,xxxxxxxxxxxxxxxx,xxxxxxxxxxxxxxxx,xxxxxxxxxxxxxxxx,0000000001000000,0000000000001111]
Instruction: 0101011000
RegWrite 1
Register write 6 =    65
Instruction: 1000111111
Memory read M[   65] =  4405
RegWrite 1
Register write 7 =    16
[xxxxxxxxxxxxxxxx,xxxxxxxxxxxxxxxx,xxxxxxxxxxxxxxxx,xxxxxxxxxxxxxxxx,xxxxxxxxxxxxxxxx,xxxxxxxxxxxxxxxx,0000000001000001,0000000000010000]
Instruction: 0101011000
RegWrite 1
Register write 6 =    66
Instruction: 1000111111
Memory read M[   66] = 62282
RegWrite 1
Register write 7 =    17
[xxxxxxxxxxxxxxxx,xxxxxxxxxxxxxxxx,xxxxxxxxxxxxxxxx,xxxxxxxxxxxxxxxx,xxxxxxxxxxxxxxxx,xxxxxxxxxxxxxxxx,0000000001000010,0000000000010000]
Instruction: 0101011000
RegWrite 1
Register write 6 =    67
Instruction: 1000111111
Memory read M[   67] =  4405
RegWrite 1
Register write 7 =    17
[xxxxxxxxxxxxxxxx,xxxxxxxxxxxxxxxx,xxxxxxxxxxxxxxxx,xxxxxxxxxxxxxxxx,xxxxxxxxxxxxxxxx,xxxxxxxxxxxxxxxx,0000000001000011,0000000000010001]
Instruction: 0101011000
RegWrite 1
Register write 6 =    68
Instruction: 1000111111
Memory read M[   68] = 62282
RegWrite 1
Register write 7 =    18
[xxxxxxxxxxxxxxxx,xxxxxxxxxxxxxxxx,xxxxxxxxxxxxxxxx,xxxxxxxxxxxxxxxx,xxxxxxxxxxxxxxxx,xxxxxxxxxxxxxxxx,0000000001000100,0000000000010001]
Instruction: 0101011000
RegWrite 1
Register write 6 =    69
Instruction: 1000111111
Memory read M[   69] =  4405
RegWrite 1
Register write 7 =    18
[xxxxxxxxxxxxxxxx,xxxxxxxxxxxxxxxx,xxxxxxxxxxxxxxxx,xxxxxxxxxxxxxxxx,xxxxxxxxxxxxxxxx,xxxxxxxxxxxxxxxx,0000000001000101,0000000000010010]
Instruction: 0101011000
RegWrite 1
Register write 6 =    70
Instruction: 1000111111
Memory read M[   70] = 62282
RegWrite 1
Register write 7 =    19
[xxxxxxxxxxxxxxxx,xxxxxxxxxxxxxxxx,xxxxxxxxxxxxxxxx,xxxxxxxxxxxxxxxx,xxxxxxxxxxxxxxxx,xxxxxxxxxxxxxxxx,0000000001000110,0000000000010010]
Instruction: 0101011000
RegWrite 1
Register write 6 =    71
Instruction: 1000111111
Memory read M[   71] =  4405
RegWrite 1
Register write 7 =    19
[xxxxxxxxxxxxxxxx,xxxxxxxxxxxxxxxx,xxxxxxxxxxxxxxxx,xxxxxxxxxxxxxxxx,xxxxxxxxxxxxxxxx,xxxxxxxxxxxxxxxx,0000000001000111,0000000000010011]
Instruction: 0101011000
RegWrite 1
Register write 6 =    72
Instruction: 1000111111
Memory read M[   72] = 62282
RegWrite 1
Register write 7 =    20
[xxxxxxxxxxxxxxxx,xxxxxxxxxxxxxxxx,xxxxxxxxxxxxxxxx,xxxxxxxxxxxxxxxx,xxxxxxxxxxxxxxxx,xxxxxxxxxxxxxxxx,0000000001001000,0000000000010011]
Instruction: 0101011000
RegWrite 1
Register write 6 =    73
Instruction: 1000111111
Memory read M[   73] =  4405
RegWrite 1
Register write 7 =    20
[xxxxxxxxxxxxxxxx,xxxxxxxxxxxxxxxx,xxxxxxxxxxxxxxxx,xxxxxxxxxxxxxxxx,xxxxxxxxxxxxxxxx,xxxxxxxxxxxxxxxx,0000000001001001,0000000000010100]
Instruction: 0101011000
RegWrite 1
Register write 6 =    74
Instruction: 1000111111
Memory read M[   74] = 62282
RegWrite 1
Register write 7 =    21
[xxxxxxxxxxxxxxxx,xxxxxxxxxxxxxxxx,xxxxxxxxxxxxxxxx,xxxxxxxxxxxxxxxx,xxxxxxxxxxxxxxxx,xxxxxxxxxxxxxxxx,0000000001001010,0000000000010100]
Instruction: 0101011000
RegWrite 1
Register write 6 =    75
Instruction: 1000111111
Memory read M[   75] =  4405
RegWrite 1
<<<<<<< HEAD
Register write 7 =    22
writeReg : 1
Instruction : 0101011000
ReadA :    75
regSrcAddress : 6
write_register: 6
ALUOut :    76

DataCounter:    75
MEM_READ 0
MemOut  4405
SEARCH x

# run 430ns
=======
Register write 7 =    21
[xxxxxxxxxxxxxxxx,xxxxxxxxxxxxxxxx,xxxxxxxxxxxxxxxx,xxxxxxxxxxxxxxxx,xxxxxxxxxxxxxxxx,xxxxxxxxxxxxxxxx,0000000001001011,0000000000010101]
Instruction: 0101011000
# run 440ns
>>>>>>> 1c345190586a4179a688d53399b200471a444ddd
RegWrite 1
Register write 6 =    76
Instruction: 1000111111
Memory read M[   76] = 62282
RegWrite 1
Register write 7 =    22
[xxxxxxxxxxxxxxxx,xxxxxxxxxxxxxxxx,xxxxxxxxxxxxxxxx,xxxxxxxxxxxxxxxx,xxxxxxxxxxxxxxxx,xxxxxxxxxxxxxxxx,0000000001001100,0000000000010101]
Instruction: 0101011000
RegWrite 1
Register write 6 =    77
Instruction: 1000111111
Memory read M[   77] =  4405
RegWrite 1
Register write 7 =    22
[xxxxxxxxxxxxxxxx,xxxxxxxxxxxxxxxx,xxxxxxxxxxxxxxxx,xxxxxxxxxxxxxxxx,xxxxxxxxxxxxxxxx,xxxxxxxxxxxxxxxx,0000000001001101,0000000000010110]
Instruction: 0101011000
RegWrite 1
Register write 6 =    78
Instruction: 1000111111
Memory read M[   78] = 62282
RegWrite 1
Register write 7 =    23
[xxxxxxxxxxxxxxxx,xxxxxxxxxxxxxxxx,xxxxxxxxxxxxxxxx,xxxxxxxxxxxxxxxx,xxxxxxxxxxxxxxxx,xxxxxxxxxxxxxxxx,0000000001001110,0000000000010110]
Instruction: 0101011000
RegWrite 1
Register write 6 =    79
Instruction: 1000111111
Memory read M[   79] =  4405
RegWrite 1
Register write 7 =    23
[xxxxxxxxxxxxxxxx,xxxxxxxxxxxxxxxx,xxxxxxxxxxxxxxxx,xxxxxxxxxxxxxxxx,xxxxxxxxxxxxxxxx,xxxxxxxxxxxxxxxx,0000000001001111,0000000000010111]
Instruction: 0101011000
RegWrite 1
Register write 6 =    80
Instruction: 1000111111
Memory read M[   80] = 62282
RegWrite 1
Register write 7 =    24
[xxxxxxxxxxxxxxxx,xxxxxxxxxxxxxxxx,xxxxxxxxxxxxxxxx,xxxxxxxxxxxxxxxx,xxxxxxxxxxxxxxxx,xxxxxxxxxxxxxxxx,0000000001010000,0000000000010111]
Instruction: 0101011000
RegWrite 1
Register write 6 =    81
Instruction: 1000111111
Memory read M[   81] =  4405
RegWrite 1
Register write 7 =    24
[xxxxxxxxxxxxxxxx,xxxxxxxxxxxxxxxx,xxxxxxxxxxxxxxxx,xxxxxxxxxxxxxxxx,xxxxxxxxxxxxxxxx,xxxxxxxxxxxxxxxx,0000000001010001,0000000000011000]
Instruction: 0101011000
RegWrite 1
Register write 6 =    82
Instruction: 1000111111
Memory read M[   82] = 62282
RegWrite 1
Register write 7 =    25
[xxxxxxxxxxxxxxxx,xxxxxxxxxxxxxxxx,xxxxxxxxxxxxxxxx,xxxxxxxxxxxxxxxx,xxxxxxxxxxxxxxxx,xxxxxxxxxxxxxxxx,0000000001010010,0000000000011000]
Instruction: 0101011000
RegWrite 1
Register write 6 =    83
Instruction: 1000111111
Memory read M[   83] =  4405
RegWrite 1
Register write 7 =    25
[xxxxxxxxxxxxxxxx,xxxxxxxxxxxxxxxx,xxxxxxxxxxxxxxxx,xxxxxxxxxxxxxxxx,xxxxxxxxxxxxxxxx,xxxxxxxxxxxxxxxx,0000000001010011,0000000000011001]
Instruction: 0101011000
RegWrite 1
Register write 6 =    84
Instruction: 1000111111
Memory read M[   84] = 62282
RegWrite 1
Register write 7 =    26
[xxxxxxxxxxxxxxxx,xxxxxxxxxxxxxxxx,xxxxxxxxxxxxxxxx,xxxxxxxxxxxxxxxx,xxxxxxxxxxxxxxxx,xxxxxxxxxxxxxxxx,0000000001010100,0000000000011001]
Instruction: 0101011000
RegWrite 1
Register write 6 =    85
Instruction: 1000111111
Memory read M[   85] =  4405
RegWrite 1
Register write 7 =    26
[xxxxxxxxxxxxxxxx,xxxxxxxxxxxxxxxx,xxxxxxxxxxxxxxxx,xxxxxxxxxxxxxxxx,xxxxxxxxxxxxxxxx,xxxxxxxxxxxxxxxx,0000000001010101,0000000000011010]
Instruction: 0101011000
RegWrite 1
Register write 6 =    86
Instruction: 1000111111
Memory read M[   86] = 62282
RegWrite 1
Register write 7 =    27
[xxxxxxxxxxxxxxxx,xxxxxxxxxxxxxxxx,xxxxxxxxxxxxxxxx,xxxxxxxxxxxxxxxx,xxxxxxxxxxxxxxxx,xxxxxxxxxxxxxxxx,0000000001010110,0000000000011010]
Instruction: 0101011000
RegWrite 1
Register write 6 =    87
Instruction: 1000111111
Memory read M[   87] =  4405
RegWrite 1
Register write 7 =    27
[xxxxxxxxxxxxxxxx,xxxxxxxxxxxxxxxx,xxxxxxxxxxxxxxxx,xxxxxxxxxxxxxxxx,xxxxxxxxxxxxxxxx,xxxxxxxxxxxxxxxx,0000000001010111,0000000000011011]
Instruction: 0101011000
RegWrite 1
Register write 6 =    88
Instruction: 1000111111
Memory read M[   88] = 62282
RegWrite 1
Register write 7 =    28
[xxxxxxxxxxxxxxxx,xxxxxxxxxxxxxxxx,xxxxxxxxxxxxxxxx,xxxxxxxxxxxxxxxx,xxxxxxxxxxxxxxxx,xxxxxxxxxxxxxxxx,0000000001011000,0000000000011011]
Instruction: 0101011000
RegWrite 1
Register write 6 =    89
Instruction: 1000111111
Memory read M[   89] =  4405
RegWrite 1
Register write 7 =    28
[xxxxxxxxxxxxxxxx,xxxxxxxxxxxxxxxx,xxxxxxxxxxxxxxxx,xxxxxxxxxxxxxxxx,xxxxxxxxxxxxxxxx,xxxxxxxxxxxxxxxx,0000000001011001,0000000000011100]
Instruction: 0101011000
RegWrite 1
Register write 6 =    90
Instruction: 1000111111
Memory read M[   90] = 62282
RegWrite 1
Register write 7 =    29
[xxxxxxxxxxxxxxxx,xxxxxxxxxxxxxxxx,xxxxxxxxxxxxxxxx,xxxxxxxxxxxxxxxx,xxxxxxxxxxxxxxxx,xxxxxxxxxxxxxxxx,0000000001011010,0000000000011100]
Instruction: 0101011000
RegWrite 1
Register write 6 =    91
Instruction: 1000111111
Memory read M[   91] =  4405
RegWrite 1
Register write 7 =    29
[xxxxxxxxxxxxxxxx,xxxxxxxxxxxxxxxx,xxxxxxxxxxxxxxxx,xxxxxxxxxxxxxxxx,xxxxxxxxxxxxxxxx,xxxxxxxxxxxxxxxx,0000000001011011,0000000000011101]
Instruction: 0101011000
RegWrite 1
Register write 6 =    92
Instruction: 1000111111
Memory read M[   92] = 62282
RegWrite 1
Register write 7 =    30
[xxxxxxxxxxxxxxxx,xxxxxxxxxxxxxxxx,xxxxxxxxxxxxxxxx,xxxxxxxxxxxxxxxx,xxxxxxxxxxxxxxxx,xxxxxxxxxxxxxxxx,0000000001011100,0000000000011101]
Instruction: 0101011000
RegWrite 1
Register write 6 =    93
Instruction: 1000111111
Memory read M[   93] =  4405
RegWrite 1
Register write 7 =    30
[xxxxxxxxxxxxxxxx,xxxxxxxxxxxxxxxx,xxxxxxxxxxxxxxxx,xxxxxxxxxxxxxxxx,xxxxxxxxxxxxxxxx,xxxxxxxxxxxxxxxx,0000000001011101,0000000000011110]
Instruction: 0101011000
RegWrite 1
Register write 6 =    94
Instruction: 1000111111
Memory read M[   94] = 62282
RegWrite 1
Register write 7 =    31
[xxxxxxxxxxxxxxxx,xxxxxxxxxxxxxxxx,xxxxxxxxxxxxxxxx,xxxxxxxxxxxxxxxx,xxxxxxxxxxxxxxxx,xxxxxxxxxxxxxxxx,0000000001011110,0000000000011110]
Instruction: 0101011000
RegWrite 1
Register write 6 =    95
Instruction: 1000111111
Memory read M[   95] =  4405
RegWrite 1
Register write 7 =    31
[xxxxxxxxxxxxxxxx,xxxxxxxxxxxxxxxx,xxxxxxxxxxxxxxxx,xxxxxxxxxxxxxxxx,xxxxxxxxxxxxxxxx,xxxxxxxxxxxxxxxx,0000000001011111,0000000000011111]
Instruction: 0101011000
RegWrite 1
Register write 6 =     0
<<<<<<< HEAD
Memory write M[    3] =    32
writeReg : 0
Instruction : 0110000011
ReadA :    32
regSrcAddress : 7
write_register: 3
ALUOut :     1

DataCounter:     0
MEM_READ 0
MemOut     z
SEARCH x

Memory write M[    3] =    32
writeReg : 1
Instruction : 0010000111
ReadA :    32
regSrcAddress : 7
write_register: 7
ALUOut :    32

DataCounter:     0
MEM_READ 0
MemOut     z
SEARCH x

RegWrite 1
Register write 7 =    32
Memory write M[    2] =    32
writeReg : 0
Instruction : 0110000010
ReadA :    32
regSrcAddress : 7
write_register: 2
ALUOut :     1

DataCounter:     0
MEM_READ 0
MemOut     z
SEARCH x

# run 10ns
Memory write M[    2] =    32
writeReg : 1
Instruction : 0001000000
ReadA :     0
regSrcAddress : 0
write_register: 0
ALUOut :     0

DataCounter:     0
MEM_READ 0
MemOut     z
SEARCH x

=======
Instruction: 0110000011
Memory write M[    3] =    31
Memory write M[    3] =    31
[xxxxxxxxxxxxxxxx,xxxxxxxxxxxxxxxx,xxxxxxxxxxxxxxxx,xxxxxxxxxxxxxxxx,xxxxxxxxxxxxxxxx,xxxxxxxxxxxxxxxx,0000000000000000,0000000000011111]
Instruction: 0010000111
RegWrite 1
Register write 7 =    33
Instruction: 0110000010
Memory write M[    2] =    33
Memory write M[    2] =    33
[xxxxxxxxxxxxxxxx,xxxxxxxxxxxxxxxx,xxxxxxxxxxxxxxxx,xxxxxxxxxxxxxxxx,xxxxxxxxxxxxxxxx,xxxxxxxxxxxxxxxx,0000000000000000,0000000000100001]
Instruction: 0001000000
>>>>>>> 1c345190586a4179a688d53399b200471a444ddd
# exit 0
