**********  SUMMARY ***********
	Start	end		run	blocks	util percent
PID0:	0	13468	2668		54
PID1:	117	84201	16587		335
PID2:	396	59367	44034		7
PID3:	1236	90497	26467		4
PID4:	1392	331157	48334		966
PID5:	1695	278816	38075		715
PID6:	2230	275848	34274		655
PID7:	2308	152170	25125		3
PID8:	3000	267237	47059		8
PID9:	3402	424490	31156		616
PID10:	3729	311605	7984		147
PID11:	3909	320295	20768		5
PID12:	4683	338256	12548		2
PID13:	4691	414724	15587		295
PID14:	4797	355306	10012		2
PID15:	5479	359635	874		17
PID16:	5644	472171	22327		427
PID17:	6451	386367	4625		87
PID18:	6851	615241	45598		952
PID19:	7307	633121	47252		932
PID20:	7735	412954	6365		1
PID21:	8142	677727	46703		917
PID22:	8432	634416	30894		637
PID23:	9286	618492	50814		6
PID24:	9991	713375	17784		361
PID25:	10638	688440	38899		6
PID26:	11131	739092	10239		201
PID27:	11739	794799	20880		411
PID28:	11750	768277	48288		9
PID29:	12465	931758	33969		650
PID30:	12665	811680	29737		5
PID31:	13626	1000058	38246		732
PID32:	13970	859392	28822		4
PID33:	14406	959945	18623		361
PID34:	15202	943762	36488		4
PID35:	15339	980135	25524		3
PID36:	15888	1157240	35015		711
PID37:	16870	1186188	39411		792
PID38:	16905	1034173	29674		4
PID39:	17670	1106250	43786		9
PID40:	18072	1159021	32617		4
PID41:	18504	1333551	35496		692
PID42:	18756	1417383	50344		994
PID43:	19695	1253404	51121		8
PID44:	20680	1415816	30937		603
PID45:	21109	1275533	9987		0
PID46:	21111	1364868	43336		6
PID47:	21737	1377997	2947		51
PID48:	21749	1417562	28656		4
PID49:	22643	1461911	43408		7
PID50:	23636	1615826	31600		620
PID51:	24164	1676052	42112		841
PID52:	24811	1507177	8376		166
PID53:	25563	1566544	54602		8
PID54:	26520	1771282	40453		790
PID55:	27289	1610374	18042		2
PID56:	28251	1637095	15082		3
PID57:	28985	1891551	49349		983
PID58:	29944	1777589	23628		483
PID59:	30409	1686535	6339		125
PID60:	30720	1806454	24820		478
PID61:	31472	1895027	35405		722
PID62:	31913	1837067	19716		375
PID63:	32720	1853889	39036		6
PID64:	33116	1904481	9560		188
Total idle time:	25997
