**********  SUMMARY ***********
	Start	end		run	blocks	util percent
PID0:	0	102566	21016		407
PID1:	17	7817	5978		1
PID2:	941	15899	6496		1
PID3:	1541	95006	61696		9
PID4:	1616	138623	41571		9
PID5:	1703	252863	23869		463
PID6:	2675	179789	8723		164
PID7:	3650	209241	47410		9
PID8:	4246	240577	25471		5
PID9:	4693	266157	23107		4
PID10:	5623	297582	30309		9
PID11:	6613	388482	19029		370
PID12:	7590	333722	29145		6
PID13:	8428	439269	21196		417
PID14:	8755	572876	47050		922
PID15:	9000	419755	41901		8
PID16:	9583	445503	17090		2
PID17:	9941	452052	5443		0
PID18:	10518	564107	22295		432
PID19:	11179	626601	32652		646
PID20:	11392	712019	44899		915
PID21:	11761	693923	35892		727
PID22:	11839	705161	33015		641
PID23:	11984	813169	45549		907
PID24:	12677	823158	38686		783
PID25:	13287	584041	1673		38
PID26:	13607	698265	17056		2
PID27:	14297	743541	23845		5
PID28:	15191	931750	36527		722
PID29:	15396	868564	22083		423
PID30:	15562	847926	37373		7
PID31:	15586	873025	16387		3
PID32:	16548	1054736	35895		716
PID33:	17433	900214	4640		98
PID34:	18393	921828	24539		4
PID35:	18814	1172828	48934		978
PID36:	19623	981967	34187		8
PID37:	20309	1126553	27669		544
PID38:	21272	1010059	11977		1
PID39:	21319	1082312	35788		8
PID40:	22303	1293052	42056		817
PID41:	22329	1214453	22953		458
PID42:	22592	1317114	40470		788
PID43:	22828	1378344	46198		915
PID44:	23083	1131872	4322		1
PID45:	23693	1416664	42359		866
PID46:	24477	1288296	30233		5
PID47:	25440	1319153	13321		4
PID48:	26301	1370933	30753		5
PID49:	26549	1433777	51326		9
PID50:	27329	1463001	29813		5
PID51:	27542	1501008	8235		155
PID52:	27920	1482811	16032		2
PID53:	28778	1500233	3517		68
PID54:	29559	1492516	1876		35
PID55:	30204	1500843	8987		3
PID56:	30660	1601989	19992		409
PID57:	30762	1546113	9119		174
PID58:	31471	1721261	43702		846
PID59:	32053	1607766	56621		8
PID60:	32374	1650839	33775		7
PID61:	32646	1790651	28721		552
PID62:	32938	1691767	24987		5
PID63:	33366	1740303	9201		180
PID64:	34099	1751257	10355		195
PID65:	34145	1746249	7591		152
PID66:	34231	1801985	16683		322
PID67:	35176	1777646	23825		3
PID68:	36081	1902474	25403		487
PID69:	36594	1832503	35905		7
PID70:	37492	1866226	26843		5
PID71:	37657	1896479	23750		6
PID72:	38146	1987173	18214		367
PID73:	38758	1963428	51409		8
PID74:	38981	2003024	34891		8
PID75:	39266	0	8250		169
PID76:	39723	2043126	32590		5
Total idle time:	829
