GCTGAGATCGCTGCCATA AATAGCGGCAATGTATTCTTT
GAGATCGCTGCCATAGAATAC AGCGGCAATGTATTCTTTGAT
ATCGCTGCCATAGAATACGAA GGCAATGTATTCTTTGATAGC
GCTGCCATAGAATACGAACAA AATGTATTCTTTGATAGCTGC
GCCATAGAATACGAACAAGCT GTATTCTTTGATAGCTGCTAT
ATAGAATACGAACAAGCTGCA TTCTTTGATAGCTGCTATTTTATC
GAATACGAACAAGCTGCAATA TTTGATAGCTGCTATTTTATCTTT
TACGAACAAGCTGCAATAAAG GATAGCTGCTATTTTATCTTTGAT
GAACAAGCTGCAATAAAGGAG AGCTGCTATTTTATCTTTGATAGC
CAAGCTGCAATAAAGGAGGAA TGCTATTTTATCTTTGATAGCAGC
GCTGCAATAAAGGAGGAAATC TATTTTATCTTTGATAGCAGCGAT
GCAATAAAGGAGGAAATCGCT TTTATCTTTGATAGCAGCGAT
ATAAAGGAGGAAATCGCTGCT ATCTTTGATAGCAGCGATTTC
AAGGAGGAAATCGCTGCTATC TTTGATAGCAGCGATTTCCTC
GAGGAAATCGCTGCTATCAAA GATAGCAGCGATTTCCTCCTT
GAAATCGCTGCTATCAAAGAT AGCAGCGATTTCCTCCTTTAT
ATCGCTGCTATCAAAGATAAA AGCGATTTCCTCCTTTATTGC
GCTGCTATCAAAGATAAAATAGCA GATTTCCTCCTTTATTGCAGC
GCTATCAAAGATAAAATAGCAGCT TTCCTCCTTTATTGCAGCTTG
ATCAAAGATAAAATAGCAGCTATC CTCCTTTATTGCAGCTTGTTC
AAAGATAAAATAGCAGCTATCAAA CTTTATTGCAGCTTGTTCGTA
GATAAAATAGCAGCTATCAAAGAA TATTGCAGCTTGTTCGTATTC
AAAATAGCAGCTATCAAAGAATAC TGCAGCTTGTTCGTATTCTAT
ATAGCAGCTATCAAAGAATAC AGCTTGTTCGTATTCTATGGC
GCAGCTATCAAAGAATACATT TTGTTCGTATTCTATGGCAGC
GCTATCAAAGAATACATTGCC TTCGTATTCTATGGCAGCGAT
ATCAAAGAATACATTGCCGCT GTATTCTATGGCAGCGATCTC
AAAGAATACATTGCCGCTATT TTCTATGGCAGCGATCTCAGC
GAATACATTGCCGCTATTGGG TATGGCAGCGATCTCAGC
TACATTGCCGCTATTGGGGGT GGCAGCGATCTCAGCTGA
ATTGCCGCTATTGGGGGT AGCGATCTCAGCTGAACC
GCCGCTATTGGGGGTGGT GATCTCAGCTGAACCACC
GCTATTGGGGGTGGTTCA CTCAGCTGAACCACCCCC
ATTGGGGGTGGTTCAGCT AGCTGAACCACCCCCAAT
GGGGGTGGTTCAGCTGAG TGAACCACCCCCAATAGC
GGTGGTTCAGCTGAGATC ACCACCCCCAATAGCGGC
GGTTCAGCTGAGATCGCT ACCCCCAATAGCGGCAAT
TCAGCTGAGATCGCTGCC CCCAATAGCGGCAATGTATTC
GCTGAGATCGCTGCCATA AATAGCGGCAATGTATTCTTT
