Command line:
   Control_tb_isim_beh.exe
     -simmode  gui
     -simrunnum  0
     -socket  56191

Sun Apr 13 01:05:21 2014


 Elaboration Time: 0.01 sec

 Current Memory Usage: 195.789 Meg

 Total Signals          : 29
 Total Nets             : 49
 Total Signal Drivers   : 21
 Total Blocks           : 3
 Total Primitive Blocks : 2
 Total Processes        : 24
 Total Traceable Variables  : 34
 Total Scalar Nets and Variables : 165
Total Line Count : 245

 Total Simulation Time: 0.03 sec

 Current Memory Usage: 271.29 Meg

Sun Apr 13 01:05:54 2014

