Command line:
   InstROM_isim_beh.exe
     -simmode  gui
     -simrunnum  0
     -socket  55317

Wed Apr 16 00:04:54 2014


 Elaboration Time: 0.01 sec

 Current Memory Usage: 195.777 Meg

 Total Signals          : 14
 Total Nets             : 31
 Total Signal Drivers   : 6
 Total Blocks           : 2
 Total Primitive Blocks : 2
 Total Processes        : 8
 Total Traceable Variables  : 19
 Total Scalar Nets and Variables : 121
Total Line Count : 27

 Total Simulation Time: 0.01 sec

 Current Memory Usage: 271.278 Meg

Wed Apr 16 00:04:57 2014

