Cache parameters:
Cache Size (KB)			16
Cache Associativity		1
Cache Block Size (bytes)	16
Miss penalty (cyc)		30

bs_bits: 4
tag_bits: 18
index_bits: 10

tagmask: ffffc000
indexmask: 3ff0
cash = 	1024

Lines found = 1957764 
Simulation results:
	execution time 21857966 cycles
	instructions 5136716
	memory accesses 1957764
	overall miss rate 0.28
	read miss rate 0.30
	memory CPI 3.26
	total CPI 4.26
	average memory access time 8.54 cycles
dirty evictions 60540
load_misses 523277
store_misses 30062
load_hits 1208606
store_hits 195819
