**********  SUMMARY ***********
	Start	end	run	blocks	util percent
mttf: 2668
PID0:	0	187367	2668	54	70.000
mttf: 19255
PID1:	117	1240652	16587	335	74.000
mttf: 63289
PID2:	396	1495779	44034	7	33.000
mttf: 89756
PID3:	1236	1041905	26467	4	39.000
mttf: 138090
PID4:	1392	1885704	48334	966	38.000
mttf: 176165
PID5:	1695	1794899	38075	715	47.000
mttf: 210439
PID6:	2230	1757567	34274	655	51.000
mttf: 235564
PID7:	2308	997414	25125	3	39.000
mttf: 282623
PID8:	3000	1562106	47059	8	33.000
mttf: 313779
PID9:	3402	1727100	31156	616	55.000
mttf: 321763
PID10:	3729	620924	7984	147	77.000
mttf: 342531
PID11:	3909	860583	20768	5	41.000
mttf: 355079
PID12:	4683	544542	12548	2	43.000
mttf: 370666
PID13:	4691	1153364	15587	295	73.000
mttf: 380678
PID14:	4797	435765	10012	2	43.000
mttf: 381552
PID15:	5479	64139	874	17	67.000
mttf: 403879
PID16:	5644	1485595	22327	427	66.000
mttf: 408504
PID17:	6451	383986	4625	87	81.000
mttf: 454102
PID18:	6851	1884738	45598	952	41.000
mttf: 501354
PID19:	7307	1573414	47252	8	33.000
mttf: 507719
PID20:	7735	287734	6365	1	43.000
mttf: 554422
PID21:	8142	1874305	46703	917	39.000
mttf: 585316
PID22:	8432	1748516	30894	637	56.000
mttf: 636130
PID23:	9286	1626527	50814	6	31.000
mttf: 653914
PID24:	9991	1342543	17784	361	74.000
mttf: 692813
PID25:	10638	1416688	38899	6	36.000
mttf: 703052
PID26:	11131	850289	10239	201	81.000
mttf: 723932
PID27:	11739	1460763	20880	411	69.000
mttf: 772220
PID28:	11750	1596269	48288	9	32.000
mttf: 806189
PID29:	12465	1760466	33969	650	51.000
mttf: 835926
PID30:	12665	1183647	29737	5	39.000
mttf: 874172
PID31:	13626	1809130	38246	732	46.000
mttf: 902994
PID32:	13970	1151391	28822	4	39.000
mttf: 921617
PID33:	14406	1347596	18623	361	71.000
mttf: 958105
PID34:	15202	1362082	36488	4	36.000
mttf: 983629
PID35:	15339	1049901	25524	3	40.000
mttf: 1018644
PID36:	15888	1798948	35015	711	50.000
mttf: 1058055
PID37:	16870	1833595	39411	792	46.000
mttf: 1087729
PID38:	16905	1181081	29674	4	39.000
mttf: 1131515
PID39:	17670	1525930	43786	9	34.000
mttf: 1164132
PID40:	18072	1267182	32617	4	38.000
mttf: 1199628
PID41:	18504	1789112	35496	692	49.000
mttf: 1249972
PID42:	18756	1900231	50344	994	37.000
mttf: 1301093
PID43:	19695	1632717	51121	8	31.000
mttf: 1332030
PID44:	20680	1723614	30937	603	55.000
mttf: 1342017
PID45:	21109	462543	9987	0	44.000
mttf: 1385353
PID46:	21111	1518596	43336	6	34.000
mttf: 1388300
PID47:	21737	259152	2947	51	80.000
mttf: 1416956
PID48:	21749	1158380	28656	4	39.000
mttf: 1460364
PID49:	22643	1524466	43408	7	34.000
mttf: 1491964
PID50:	23636	1740036	31600	620	54.000
mttf: 1534076
PID51:	24164	1851213	42112	841	43.000
mttf: 1542452
PID52:	24811	735874	8376	166	84.000
mttf: 1597054
PID53:	25563	1674289	54602	8	30.000
mttf: 1637507
PID54:	26520	1834602	40453	790	44.000
mttf: 1655549
PID55:	27289	801588	18042	2	42.000
mttf: 1670631
PID56:	28251	686588	15082	3	43.000
mttf: 1719980
PID57:	28985	1899681	49349	983	37.000
mttf: 1743608
PID58:	29944	1598636	23628	483	66.000
mttf: 1749947
PID59:	30409	583890	6339	125	87.000
mttf: 1774767
PID60:	30720	1591701	24820	478	62.000
mttf: 1810172
PID61:	31472	1807153	35405	722	50.000
mttf: 1829888
PID62:	31913	1394635	19716	375	69.000
mttf: 1868924
PID63:	32720	1434267	39036	6	35.000
mttf: 1878484
PID64:	33116	827527	9560	188	83.000
Mean Time to Finish: 	29351
Total idle time:	21747
