**********  SUMMARY ***********
	Start	end	run	blocks	util percent
PID0:	0	15519	2668	54	0.172
PID1:	117	227146	16587	335	0.073
PID2:	396	1271435	44034	7	0.035
PID3:	1236	369541	26467	4	0.072
PID4:	1392	1801686	48334	966	0.027
PID5:	1695	1131842	38075	715	0.034
PID6:	2230	832439	34274	655	0.041
PID7:	2308	294457	25125	3	0.086
PID8:	3000	1388335	47059	8	0.034
PID9:	3402	735205	31156	616	0.043
PID10:	3729	72687	7984	147	0.116
PID11:	3909	171209	20768	5	0.124
PID12:	4683	80605	12548	2	0.165
PID13:	4691	212495	15587	295	0.075
PID14:	4797	29363	10012	2	0.408
PID15:	5479	10470	874	17	0.175
PID16:	5644	357978	22327	427	0.063
PID17:	6451	37599	4625	87	0.148
PID18:	6851	1723296	45598	952	0.027
PID19:	7307	1760590	47252	932	0.027
PID20:	7735	16901	6365	1	0.694
PID21:	8142	1734396	46703	917	0.027
PID22:	8432	730116	30894	637	0.043
PID23:	9286	1559756	50814	6	0.033
PID24:	9991	256824	17784	361	0.072
PID25:	10638	894897	38899	6	0.044
PID26:	11131	129753	10239	201	0.086
PID27:	11739	323206	20880	411	0.067
PID28:	11750	1442283	48288	9	0.034
PID29:	12465	793293	33969	650	0.044
PID30:	12665	511590	29737	5	0.060
PID31:	13626	1162354	38246	732	0.033
PID32:	13970	442940	28822	4	0.067
PID33:	14406	270819	18623	361	0.073
PID34:	15202	812865	36488	4	0.046
PID35:	15339	334744	25524	3	0.080
PID36:	15888	912335	35015	711	0.039
PID37:	16870	1262255	39411	792	0.032
PID38:	16905	477082	29674	4	0.064
PID39:	17670	1329174	43786	9	0.033
PID40:	18072	564966	32617	4	0.060
PID41:	18504	1041807	35496	692	0.035
PID42:	18756	1958457	50344	994	0.026
PID43:	19695	1776459	51121	8	0.029
PID44:	20680	720691	30937	603	0.044
PID45:	21109	49888	9987	0	0.347
PID46:	21111	1109794	43336	6	0.040
PID47:	21737	39860	2947	51	0.163
PID48:	21749	405332	28656	4	0.075
PID49:	22643	1199303	43408	7	0.037
PID50:	23636	751535	31600	620	0.043
PID51:	24164	1393975	42112	841	0.031
PID52:	24811	92008	8376	166	0.125
PID53:	25563	1859303	54602	8	0.030
PID54:	26520	1294924	40453	790	0.032
PID55:	27289	135742	18042	2	0.166
PID56:	28251	104665	15082	3	0.197
PID57:	28985	1855564	49349	983	0.027
PID58:	29944	439640	23628	483	0.058
PID59:	30409	71015	6339	125	0.156
PID60:	30720	563045	24820	478	0.047
PID61:	31472	983616	35405	722	0.037
PID62:	31913	288206	19716	375	0.077
PID63:	32720	969000	39036	6	0.042
PID64:	33116	119006	9560	188	0.111
Mean Time to Finish: 	733988
Total idle time:	79973
