**********  SUMMARY ***********
	Start	end	run	blocks	util percent
PID0:	0	66977	2668	54	0.040
PID1:	117	1421728	16587	13	0.012
PID2:	396	1845281	44034	7	0.024
PID3:	1236	1226896	26467	4	0.022
PID4:	1392	989605	48334	966	0.049
PID5:	1695	873206	38075	715	0.044
PID6:	2230	831928	34274	655	0.041
PID7:	2308	1600652	25125	3	0.016
PID8:	3000	1854596	47059	8	0.025
PID9:	3402	800559	31156	616	0.039
PID10:	3729	233490	7984	147	0.035
PID11:	3909	1514871	20768	5	0.014
PID12:	4683	1330409	12548	2	0.009
PID13:	4691	446030	15587	295	0.035
PID14:	4797	1267069	10012	2	0.008
PID15:	5479	22427	874	17	0.052
PID16:	5644	614940	22327	427	0.037
PID17:	6451	144652	4625	87	0.033
PID18:	6851	988234	45598	952	0.046
PID19:	7307	976936	47252	932	0.049
PID20:	7735	1148077	6365	1	0.006
PID21:	8142	969118	46703	917	0.049
PID22:	8432	827139	30894	637	0.038
PID23:	9286	1871744	50814	6	0.027
PID24:	9991	543961	17784	361	0.033
PID25:	10638	1567534	38899	6	0.025
PID26:	11131	330641	10239	201	0.032
PID27:	11739	605993	20880	411	0.035
PID28:	11750	1863823	48288	9	0.026
PID29:	12465	1745109	33969	1	0.020
PID30:	12665	1688592	29737	5	0.018
PID31:	13626	892733	38246	732	0.044
PID32:	13970	1669397	28822	4	0.017
PID33:	14406	548931	18623	361	0.035
PID34:	15202	1771818	36488	4	0.021
PID35:	15339	1614488	25524	3	0.016
PID36:	15888	882327	35015	711	0.040
PID37:	16870	921976	39411	792	0.044
PID38:	16905	1689363	29674	4	0.018
PID39:	17670	1849061	43786	9	0.024
PID40:	18072	1738111	32617	4	0.019
PID41:	18504	872406	35496	692	0.042
PID42:	18756	1013621	50344	994	0.051
PID43:	19695	1874092	51121	8	0.028
PID44:	20680	806471	30937	603	0.039
PID45:	21109	1296870	9987	0	0.008
PID46:	21111	1847797	43336	6	0.024
PID47:	21737	111099	2947	51	0.033
PID48:	21749	1687593	28656	4	0.017
PID49:	22643	1849119	43408	7	0.024
PID50:	23636	824403	31600	620	0.039
PID51:	24164	943014	42112	841	0.046
PID52:	24811	295130	8376	166	0.031
PID53:	25563	1879031	54602	8	0.029
PID54:	26520	924105	40453	790	0.045
PID55:	27289	1487804	18042	2	0.012
PID56:	28251	1412667	15082	3	0.011
PID57:	28985	1011746	49349	983	0.050
PID58:	29944	696695	23628	483	0.035
PID59:	30409	238675	6339	125	0.030
PID60:	30720	691547	24820	478	0.038
PID61:	31472	894120	35405	722	0.041
PID62:	31913	580628	19716	375	0.036
PID63:	32720	1818532	39036	6	0.022
PID64:	33116	334225	9560	188	0.032
Mean Time to Finish: 	1095104
Total idle time:	547
