**********  SUMMARY ***********
	Start	end	run	blocks	util percent
PID0:	0	330927	21016	407	0.064
PID1:	17	6195	5978	1	0.968
PID2:	941	12974	6496	1	0.540
PID3:	1541	2043713	61696	9	0.030
PID4:	1616	1339013	41571	9	0.031
PID5:	1703	694466	23869	463	0.034
PID6:	2675	81044	8723	164	0.111
PID7:	3650	1734520	47410	9	0.027
PID8:	4246	533565	25471	5	0.048
PID9:	4693	341967	23107	4	0.069
PID10:	5623	751374	30309	9	0.041
PID11:	6613	302171	19029	370	0.064
PID12:	7590	614124	29145	6	0.048
PID13:	8428	360046	21196	417	0.060
PID14:	8755	2017951	47050	922	0.023
PID15:	9000	1406725	41901	8	0.030
PID16:	9583	189370	17090	2	0.095
PID17:	9941	19210	5443	0	0.587
PID18:	10518	461822	22295	432	0.049
PID19:	11179	1192508	32652	646	0.028
PID20:	11392	1733545	44899	915	0.026
PID21:	11761	1306707	35892	727	0.028
PID22:	11839	1210563	33015	641	0.028
PID23:	11984	1788741	45549	907	0.026
PID24:	12677	1406113	38686	783	0.028
PID25:	13287	24298	1673	38	0.152
PID26:	13607	172042	17056	2	0.108
PID27:	14297	443605	23845	5	0.056
PID28:	15191	1339372	36527	722	0.028
PID29:	15396	403980	22083	423	0.057
PID30:	15562	1105054	37373	7	0.034
PID31:	15586	134654	16387	3	0.138
PID32:	16548	1315798	35895	716	0.028
PID33:	17433	52288	4640	98	0.133
PID34:	18393	474016	24539	4	0.054
PID35:	18814	2206529	48934	978	0.022
PID36:	19623	929363	34187	8	0.038
PID37:	20309	851452	27669	544	0.033
PID38:	21272	83319	11977	1	0.193
PID39:	21319	1008860	35788	8	0.036
PID40:	22303	1646232	42056	817	0.026
PID41:	22329	605975	22953	458	0.039
PID42:	22592	1556070	40470	788	0.026
PID43:	22828	1884907	46198	915	0.025
PID44:	23083	27977	4322	1	0.883
PID45:	23693	1669040	42359	866	0.026
PID46:	24477	705045	30233	5	0.044
PID47:	25440	110659	13321	4	0.156
PID48:	26301	796061	30753	5	0.040
PID49:	26549	1815432	51326	9	0.029
PID50:	27329	657279	29813	5	0.047
PID51:	27542	86076	8235	155	0.141
PID52:	27920	154637	16032	2	0.127
PID53:	28778	49303	3517	68	0.171
PID54:	29559	39724	1876	35	0.185
PID55:	30204	52841	8987	3	0.397
PID56:	30660	320019	19992	409	0.069
PID57:	30762	120750	9119	174	0.101
PID58:	31471	1684764	43702	846	0.026
PID59:	32053	1964862	56621	8	0.029
PID60:	32374	886613	33775	7	0.040
PID61:	32646	919005	28721	552	0.032
PID62:	32938	502834	24987	5	0.053
PID63:	33366	128355	9201	180	0.097
PID64:	34099	155886	10355	195	0.085
PID65:	34145	99582	7591	152	0.116
PID66:	34231	278195	16683	322	0.068
PID67:	35176	413550	23825	3	0.063
PID68:	36081	775955	25403	487	0.034
PID69:	36594	1051671	35905	7	0.035
PID70:	37492	568626	26843	5	0.051
PID71:	37657	381568	23750	6	0.069
PID72:	38146	295782	18214	367	0.071
PID73:	38758	1890993	51409	8	0.028
PID74:	38981	968471	34891	8	0.038
PID75:	39266	1482651	40216	829	0.028
PID76:	39723	841298	32590	5	0.041
Mean Time to Finish: 	779385
Total idle time:	132224
