**********  SUMMARY ***********
	Start	end	run	blocks	util percent
mttf: 21016
PID0:	0	1637654	21016	407	77.000
mttf: 26994
PID1:	17	228019	5978	1	38.000
mttf: 33490
PID2:	941	289466	6496	1	44.000
mttf: 95186
PID3:	1541	1925549	61696	9	31.000
mttf: 136757
PID4:	1616	1673660	41571	9	40.000
mttf: 160626
PID5:	1703	1747787	23869	463	73.000
mttf: 169349
PID6:	2675	818947	8723	164	93.000
mttf: 216759
PID7:	3650	1776382	47410	9	37.000
mttf: 242230
PID8:	4246	1228478	25471	5	48.000
mttf: 265337
PID9:	4693	1128049	23107	4	48.000
mttf: 295646
PID10:	5623	1402559	30309	9	46.000
mttf: 314675
PID11:	6613	1583942	19029	370	82.000
mttf: 343820
PID12:	7590	1372619	29145	6	46.000
mttf: 365016
PID13:	8428	1685140	21196	417	79.000
mttf: 412066
PID14:	8755	2079059	47050	922	44.000
mttf: 453967
PID15:	9000	1697964	41901	8	40.000
mttf: 471057
PID16:	9583	891438	17090	2	51.000
mttf: 476500
PID17:	9941	295813	5443	0	52.000
mttf: 498795
PID18:	10518	1713857	22295	432	76.000
mttf: 531447
PID19:	11179	1952421	32652	646	59.000
mttf: 576346
PID20:	11392	2078216	44899	915	46.000
mttf: 612238
PID21:	11761	2003259	35892	727	55.000
mttf: 645253
PID22:	11839	1948750	33015	641	58.000
mttf: 690802
PID23:	11984	1753012	45549	0	38.000
mttf: 729488
PID24:	12677	2030740	38686	783	52.000
mttf: 731161
PID25:	13287	218091	1673	38	122.000
mttf: 748217
PID26:	13607	900819	17056	2	52.000
mttf: 772062
PID27:	14297	1194322	23845	5	49.000
mttf: 808589
PID28:	15191	2001557	36527	722	54.000
mttf: 830672
PID29:	15396	1703908	22083	423	76.000
mttf: 868045
PID30:	15562	1611594	37373	7	42.000
mttf: 884432
PID31:	15586	873570	16387	3	52.000
mttf: 920327
PID32:	16548	1998085	35895	716	55.000
mttf: 924967
PID33:	17433	549873	4640	98	114.000
mttf: 949506
PID34:	18393	1222536	24539	4	49.000
mttf: 998440
PID35:	18814	2095693	48934	978	42.000
mttf: 1032627
PID36:	19623	1542272	34187	8	44.000
mttf: 1060296
PID37:	20309	1869282	27669	544	66.000
mttf: 1072273
PID38:	21272	667138	11977	1	53.000
mttf: 1108061
PID39:	21319	1580464	35788	8	43.000
mttf: 1150117
PID40:	22303	2047015	42056	817	48.000
mttf: 1173070
PID41:	22329	1763810	22953	458	75.000
mttf: 1213540
PID42:	22592	2034817	40470	788	49.000
mttf: 1259738
PID43:	22828	2081074	46198	915	44.000
mttf: 1264060
PID44:	23083	264850	4322	1	55.000
mttf: 1306419
PID45:	23693	2065570	42359	866	48.000
mttf: 1336652
PID46:	24477	1428958	30233	5	46.000
mttf: 1349973
PID47:	25440	747281	13321	4	54.000
mttf: 1380726
PID48:	26301	1443901	30753	5	46.000
mttf: 1432052
PID49:	26549	1841938	51326	9	35.000
mttf: 1461865
PID50:	27329	1413826	29813	5	46.000
mttf: 1470100
PID51:	27542	846583	8235	155	99.000
mttf: 1486132
PID52:	27920	879522	16032	2	53.000
mttf: 1489649
PID53:	28778	409770	3517	68	108.000
mttf: 1491525
PID54:	29559	231960	1876	35	107.000
mttf: 1500512
PID55:	30204	525281	8987	3	55.000
mttf: 1520504
PID56:	30660	1686506	19992	409	82.000
mttf: 1529623
PID57:	30762	936643	9119	174	99.000
mttf: 1573325
PID58:	31471	2059230	43702	846	46.000
mttf: 1629946
PID59:	32053	1896603	56621	8	32.000
mttf: 1663721
PID60:	32374	1538034	33775	7	44.000
mttf: 1692442
PID61:	32646	1880042	28721	552	64.000
mttf: 1717429
PID62:	32938	1260563	24987	5	49.000
mttf: 1726630
PID63:	33366	966700	9201	180	101.000
mttf: 1736985
PID64:	34099	1030295	10355	195	96.000
mttf: 1744576
PID65:	34145	842377	7591	152	106.000
mttf: 1761259
PID66:	34231	1488301	16683	322	87.000
mttf: 1785084
PID67:	35176	1212088	23825	3	49.000
mttf: 1810487
PID68:	36081	1807157	25403	487	69.000
mttf: 1846392
PID69:	36594	1592385	35905	7	43.000
mttf: 1873235
PID70:	37492	1327757	26843	5	48.000
mttf: 1896985
PID71:	37657	1220366	23750	6	49.000
mttf: 1915199
PID72:	38146	1605848	18214	367	86.000
mttf: 1966608
PID73:	38758	1845831	51409	8	35.000
mttf: 2001499
PID74:	38981	1573972	34891	8	43.000
mttf: 2041715
PID75:	39266	2054121	40216	829	50.000
mttf: 2074305
PID76:	39723	1505427	32590	5	44.000
Mean Time to Finish: 	27293
Total idle time:	21388
