**********  SUMMARY ***********
	Start	end	run	blocks	util percent
PID0:	0	601822	21016	407	0.035
PID1:	17	1174232	5978	1	0.005
PID2:	941	1204052	6496	1	0.005
PID3:	1541	2074505	61696	9	0.030
PID4:	1616	2012966	41571	9	0.021
PID5:	1703	673075	23869	463	0.036
PID6:	2675	258383	8723	164	0.034
PID7:	3650	2041863	47410	9	0.023
PID8:	4246	1815200	25471	5	0.014
PID9:	4693	1747460	23107	4	0.013
PID10:	5623	1888420	30309	9	0.016
PID11:	6613	575622	19029	370	0.033
PID12:	7590	1872503	29145	6	0.016
PID13:	8428	639257	21196	417	0.034
PID14:	8755	1001362	47050	922	0.047
PID15:	9000	2013478	41901	8	0.021
PID16:	9583	1589741	17090	2	0.011
PID17:	9941	1193964	5443	0	0.005
PID18:	10518	662417	22295	432	0.034
PID19:	11179	855789	32652	646	0.039
PID20:	11392	1000430	44899	915	0.045
PID21:	11761	912387	35892	727	0.040
PID22:	11839	853038	33015	641	0.039
PID23:	11984	996857	45549	907	0.046
PID24:	12677	943181	38686	783	0.042
PID25:	13287	73896	1673	38	0.028
PID26:	13607	1590382	17056	2	0.011
PID27:	14297	1781121	23845	5	0.013
PID28:	15191	911976	36527	722	0.041
PID29:	15396	1730997	22083	10	0.013
PID30:	15562	1987762	37373	7	0.019
PID31:	15586	1567282	16387	3	0.011
PID32:	16548	909069	35895	716	0.040
PID33:	17433	192876	4640	98	0.026
PID34:	18393	1790406	24539	4	0.014
PID35:	18814	1033895	48934	978	0.048
PID36:	19623	1957548	34187	8	0.018
PID37:	20309	782076	27669	544	0.036
PID38:	21272	1436509	11977	1	0.008
PID39:	21319	1967206	35788	8	0.018
PID40:	22303	964832	42056	817	0.045
PID41:	22329	704006	22953	458	0.034
PID42:	22592	951053	40470	788	0.044
PID43:	22828	1007111	46198	915	0.047
PID44:	23083	1175011	4322	1	0.004
PID45:	23693	985021	42359	866	0.044
PID46:	24477	1895970	30233	5	0.016
PID47:	25440	1472740	13321	4	0.009
PID48:	26301	1908364	30753	5	0.016
PID49:	26549	2059154	51326	9	0.025
PID50:	27329	1890863	29813	5	0.016
PID51:	27542	303983	8235	155	0.030
PID52:	27920	1559612	16032	2	0.010
PID53:	28778	155655	3517	68	0.028
PID54:	29559	96374	1876	35	0.028
PID55:	30204	1316073	8987	3	0.007
PID56:	30660	658648	19992	409	0.032
PID57:	30762	336856	9119	174	0.030
PID58:	31471	979444	43702	846	0.046
PID59:	32053	2069580	56621	8	0.028
PID60:	32374	1954623	33775	7	0.018
PID61:	32646	796123	28721	552	0.038
PID62:	32938	1807016	24987	5	0.014
PID63:	33366	348459	9201	180	0.029
PID64:	34099	370667	10355	195	0.031
PID65:	34145	305852	7591	152	0.028
PID66:	34231	552213	16683	322	0.032
PID67:	35176	1785622	23825	3	0.014
PID68:	36081	740649	25403	487	0.036
PID69:	36594	1981308	35905	7	0.018
PID70:	37492	1864967	26843	5	0.015
PID71:	37657	1775346	23750	6	0.014
PID72:	38146	613197	18214	367	0.032
PID73:	38758	2059493	51409	8	0.025
PID74:	38981	1973271	34891	8	0.018
PID75:	39266	974426	40216	829	0.043
PID76:	39723	1932551	32590	5	0.017
Mean Time to Finish: 	1229105
Total idle time:	200
