**********  SUMMARY ***********
	Start	end		run	blocks	util percent
PID0:	0	47336	45536		9
PID1:	522	81214	34328		7
PID2:	1355	281859	40379		810
PID3:	2010	249208	32956		650
PID4:	2613	161694	48215		8
PID5:	3060	212156	30805		4
PID6:	3832	283296	49965		8
PID7:	4004	363823	16864		328
PID8:	4982	345184	48920		6
PID9:	5970	567530	44885		888
PID10:	6527	374175	19514		2
PID11:	6955	435821	48916		6
PID12:	7656	517205	16235		315
PID13:	8251	528311	17183		332
PID14:	9040	441479	2507		1
PID15:	10023	654566	39910		759
PID16:	10778	531405	26188		6
PID17:	10798	611041	55510		8
PID18:	10993	630502	3924		82
PID19:	11733	689784	15790		309
PID20:	12279	635115	10955		1
PID21:	13107	778822	28441		560
PID22:	13677	707961	43117		8
PID23:	14144	713046	4944		1
PID24:	14693	726931	11049		2
PID25:	14705	850246	24023		488
PID26:	15050	800573	48558		8
PID27:	15526	807513	6598		0
PID28:	15715	957133	29425		590
PID29:	16125	974199	30730		629
PID30:	16357	833944	3992		77
PID31:	16462	861921	21312		4
PID32:	16540	881541	12669		2
PID33:	16703	897837	3036		57
PID34:	17394	966528	49833		9
PID35:	18018	1000686	32474		5
PID36:	18743	1104096	21426		415
PID37:	19097	1049469	10191		190
PID38:	19385	1039316	23156		3
PID39:	19744	1097378	10912		217
PID40:	20427	1199643	30329		613
PID41:	21423	1223646	32794		653
PID42:	22124	1125756	31300		4
PID43:	22889	1195218	41809		7
PID44:	23383	1199136	2821		2
PID45:	23622	1282099	16518		326
PID46:	24343	1231851	6020		118
PID47:	24766	1240507	21739		2
PID48:	25689	1248945	6998		0
PID49:	26587	1415414	33802		657
PID50:	27076	1353396	19508		390
PID51:	27336	1330576	41824		9
PID52:	28256	1347361	11520		2
PID53:	28551	1397138	37289		6
PID54:	28735	1554107	31881		629
PID55:	29434	1557372	30690		614
PID56:	30209	0	33944		682
PID57:	30403	1490170	37538		9
PID58:	30593	1507477	7941		1
PID59:	31339	0	13296		262
PID60:	31481	1560375	15677		3
PID61:	32263	1585926	5347		88
Total idle time:	10024
