**********  SUMMARY ***********
	Start	end	run	blocks	util percent
mttf: 45536
PID0:	0	1376698	45536	9	30.000
mttf: 79864
PID1:	522	1165197	34328	7	33.000
mttf: 120243
PID2:	1355	1614194	40379	810	39.000
mttf: 153199
PID3:	2010	1562833	32956	650	47.000
mttf: 201414
PID4:	2613	1442033	48215	8	29.000
mttf: 232219
PID5:	3060	1096360	30805	4	35.000
mttf: 282184
PID6:	3832	1462068	49965	8	29.000
mttf: 299048
PID7:	4004	1144432	16864	328	67.000
mttf: 347968
PID8:	4982	1452980	48920	6	29.000
mttf: 392853
PID9:	5970	1638930	44885	888	36.000
mttf: 412367
PID10:	6527	771463	19514	2	39.000
mttf: 461283
PID11:	6955	1454437	48916	6	29.000
mttf: 477518
PID12:	7656	1123964	16235	315	68.000
mttf: 494701
PID13:	8251	1165818	17183	332	67.000
mttf: 497208
PID14:	9040	110000	2507	1	40.000
mttf: 537118
PID15:	10023	1603128	39910	759	39.000
mttf: 563306
PID16:	10778	990994	26188	6	37.000
mttf: 618816
PID17:	10798	1513092	55510	8	27.000
mttf: 622740
PID18:	10993	369195	3924	82	91.000
mttf: 638530
PID19:	11733	1116197	15790	309	69.000
mttf: 649485
PID20:	12279	480359	10955	1	42.000
mttf: 677926
PID21:	13107	1516478	28441	560	52.000
mttf: 721043
PID22:	13677	1380570	43117	8	31.000
mttf: 725987
PID23:	14144	234954	4944	1	44.000
mttf: 737036
PID24:	14693	495696	11049	2	43.000
mttf: 761059
PID25:	14705	1458265	24023	488	60.000
mttf: 809617
PID26:	15050	1460343	48558	8	29.000
mttf: 816215
PID27:	15526	310566	6598	0	44.000
mttf: 845640
PID28:	15715	1536925	29425	590	51.000
mttf: 876370
PID29:	16125	1559848	30730	629	50.000
mttf: 880362
PID30:	16357	362019	3992	77	86.000
mttf: 901674
PID31:	16462	847199	21312	4	38.000
mttf: 914343
PID32:	16540	554973	12669	2	42.000
mttf: 917379
PID33:	16703	275579	3036	57	85.000
mttf: 967212
PID34:	17394	1473306	49833	9	29.000
mttf: 999686
PID35:	18018	1168876	32474	5	35.000
mttf: 1021112
PID36:	18743	1349985	21426	415	62.000
mttf: 1031303
PID37:	19097	776315	10191	190	74.000
mttf: 1054459
PID38:	19385	911701	23156	3	38.000
mttf: 1065371
PID39:	19744	863168	10912	217	77.000
mttf: 1095700
PID40:	20427	1552548	30329	613	50.000
mttf: 1128494
PID41:	21423	1570401	32794	653	47.000
mttf: 1159794
PID42:	22124	1140385	31300	4	35.000
mttf: 1201603
PID43:	22889	1362812	41809	7	32.000
mttf: 1204424
PID44:	23383	154911	2821	2	46.000
mttf: 1220942
PID45:	23622	1171224	16518	326	69.000
mttf: 1226962
PID46:	24343	534579	6020	118	84.000
mttf: 1248701
PID47:	24766	872907	21739	2	39.000
mttf: 1255699
PID48:	25689	342644	6998	0	45.000
mttf: 1289501
PID49:	26587	1572098	33802	657	45.000
mttf: 1309009
PID50:	27076	1306437	19508	390	65.000
mttf: 1350833
PID51:	27336	1368132	41824	9	32.000
mttf: 1362353
PID52:	28256	531261	11520	2	43.000
mttf: 1399642
PID53:	28551	1278893	37289	6	33.000
mttf: 1431523
PID54:	28735	1561962	31881	629	48.000
mttf: 1462213
PID55:	29434	1554315	30690	614	49.000
mttf: 1504949
PID56:	30209	1632106	42736	844	37.000
mttf: 1542487
PID57:	30403	1285213	37538	9	33.000
mttf: 1550428
PID58:	30593	387983	7941	1	45.000
mttf: 1591406
PID59:	31339	1630233	40978	827	39.000
mttf: 1607083
PID60:	31481	674979	15677	3	41.000
mttf: 1612430
PID61:	32263	424433	5347	88	73.000
Mean Time to Finish: 	26433
Total idle time:	26500
