**********  SUMMARY ***********
	Start	end	run	blocks	util percent
PID0:	0	1562239	45536	9	0.029
PID1:	522	1419474	34328	7	0.024
PID2:	1355	712882	40379	810	0.057
PID3:	2010	633623	32956	650	0.052
PID4:	2613	1592500	48215	8	0.030
PID5:	3060	1371952	30805	4	0.023
PID6:	3832	1600367	49965	8	0.031
PID7:	4004	391972	16864	328	0.043
PID8:	4982	1597098	48920	6	0.031
PID9:	5970	758211	44885	888	0.060
PID10:	6527	1139629	19514	2	0.017
PID11:	6955	1595524	48916	6	0.031
PID12:	7656	388247	16235	315	0.043
PID13:	8251	405306	17183	332	0.043
PID14:	9040	760685	2507	1	0.003
PID15:	10023	696524	39910	759	0.058
PID16:	10778	1308899	26188	6	0.020
PID17:	10798	1612430	55510	8	0.035
PID18:	10993	120536	3924	82	0.036
PID19:	11733	390721	15790	309	0.042
PID20:	12279	1033451	10955	1	0.011
PID21:	13107	592622	28441	560	0.049
PID22:	13677	1578818	43117	8	0.028
PID23:	14144	857457	4944	1	0.006
PID24:	14693	1033732	11049	2	0.011
PID25:	14705	543458	24023	488	0.045
PID26:	15050	1609131	48558	8	0.030
PID27:	15526	907734	6598	0	0.007
PID28:	15715	614758	29425	590	0.049
PID29:	16125	638150	30730	629	0.049
PID30:	16357	126341	3992	77	0.036
PID31:	16462	1254292	21312	4	0.017
PID32:	16540	1064927	12669	2	0.012
PID33:	16703	97935	3036	57	0.037
PID34:	17394	1609440	49833	9	0.031
PID35:	18018	1464413	32474	5	0.022
PID36:	18743	491043	21426	415	0.045
PID37:	19097	269462	10191	190	0.041
PID38:	19385	1308042	23156	3	0.018
PID39:	19744	301838	10912	217	0.039
PID40:	20427	631847	30329	613	0.050
PID41:	21423	650494	32794	653	0.052
PID42:	22124	1460825	31300	4	0.022
PID43:	22889	1582612	41809	7	0.027
PID44:	23383	837981	2821	2	0.003
PID45:	23622	418920	16518	326	0.042
PID46:	24343	186867	6020	118	0.037
PID47:	24766	1311033	21739	2	0.017
PID48:	25689	969775	6998	0	0.007
PID49:	26587	654210	33802	657	0.054
PID50:	27076	476418	19508	390	0.043
PID51:	27336	1497006	41824	9	0.028
PID52:	28256	1085732	11520	2	0.011
PID53:	28551	1541388	37289	6	0.025
PID54:	28735	642569	31881	629	0.052
PID55:	29434	636286	30690	614	0.051
PID56:	30209	752511	42736	844	0.059
PID57:	30403	1541142	37538	9	0.025
PID58:	30593	994538	7941	1	0.008
PID59:	31339	744530	40978	827	0.057
PID60:	31481	1187772	15677	3	0.014
PID61:	32263	156590	5347	88	0.043
Mean Time to Finish: 	926079
Total idle time:	0
